2023-01-12 02:16:24,958+0000 INFO  [FelixStartLevel]  *SYSTEM org.sonatype.nexus.pax.logging.NexusLogActivator - start
2023-01-12 02:16:25,508+0000 INFO  [FelixStartLevel]  *SYSTEM org.sonatype.nexus.features.internal.FeaturesWrapper - Fast FeaturesService starting
2023-01-12 02:16:26,709+0000 WARN  [FelixStartLevel]  *SYSTEM uk.org.lidalia.sysoutslf4j.context.SysOutOverSLF4JInitialiser - Your logging framework class org.ops4j.pax.logging.slf4j.Slf4jLogger is not known - if it needs access to the standard println methods on the console you will need to register it by calling registerLoggingSystemPackage
2023-01-12 02:16:26,711+0000 INFO  [FelixStartLevel]  *SYSTEM uk.org.lidalia.sysoutslf4j.context.SysOutOverSLF4J - Package org.ops4j.pax.logging.slf4j registered; all classes within it or subpackages of it will be allowed to print to System.out and System.err
2023-01-12 02:16:26,716+0000 INFO  [FelixStartLevel]  *SYSTEM uk.org.lidalia.sysoutslf4j.context.SysOutOverSLF4J - Replaced standard System.out and System.err PrintStreams with SLF4JPrintStreams
2023-01-12 02:16:26,717+0000 INFO  [FelixStartLevel]  *SYSTEM uk.org.lidalia.sysoutslf4j.context.SysOutOverSLF4J - Redirected System.out and System.err to SLF4J for this context
2023-01-12 02:16:26,723+0000 INFO  [FelixStartLevel]  *SYSTEM org.sonatype.nexus.bootstrap.ConfigurationBuilder - Properties:
2023-01-12 02:16:26,723+0000 INFO  [FelixStartLevel]  *SYSTEM org.sonatype.nexus.bootstrap.ConfigurationBuilder -   application-host='0.0.0.0'
2023-01-12 02:16:26,723+0000 INFO  [FelixStartLevel]  *SYSTEM org.sonatype.nexus.bootstrap.ConfigurationBuilder -   application-port='8081'
2023-01-12 02:16:26,724+0000 INFO  [FelixStartLevel]  *SYSTEM org.sonatype.nexus.bootstrap.ConfigurationBuilder -   fabric.etc='/app/nexus/etc/fabric'
2023-01-12 02:16:26,724+0000 INFO  [FelixStartLevel]  *SYSTEM org.sonatype.nexus.bootstrap.ConfigurationBuilder -   jetty.etc='/app/nexus/etc/jetty'
2023-01-12 02:16:26,724+0000 INFO  [FelixStartLevel]  *SYSTEM org.sonatype.nexus.bootstrap.ConfigurationBuilder -   karaf.base='/app/nexus'
2023-01-12 02:16:26,724+0000 INFO  [FelixStartLevel]  *SYSTEM org.sonatype.nexus.bootstrap.ConfigurationBuilder -   karaf.data='/app/sonatype-work/nexus3'
2023-01-12 02:16:26,724+0000 INFO  [FelixStartLevel]  *SYSTEM org.sonatype.nexus.bootstrap.ConfigurationBuilder -   karaf.etc='/app/nexus/etc/karaf'
2023-01-12 02:16:26,725+0000 INFO  [FelixStartLevel]  *SYSTEM org.sonatype.nexus.bootstrap.ConfigurationBuilder -   karaf.home='/app/nexus'
2023-01-12 02:16:26,725+0000 INFO  [FelixStartLevel]  *SYSTEM org.sonatype.nexus.bootstrap.ConfigurationBuilder -   karaf.instances='/app/sonatype-work/nexus3/instances'
2023-01-12 02:16:26,725+0000 INFO  [FelixStartLevel]  *SYSTEM org.sonatype.nexus.bootstrap.ConfigurationBuilder -   logback.etc='/app/nexus/etc/logback'
2023-01-12 02:16:26,725+0000 INFO  [FelixStartLevel]  *SYSTEM org.sonatype.nexus.bootstrap.ConfigurationBuilder -   nexus-args='/app/nexus/etc/jetty/jetty.xml,/app/nexus/etc/jetty/jetty-http.xml,/app/nexus/etc/jetty/jetty-requestlog.xml'
2023-01-12 02:16:26,726+0000 INFO  [FelixStartLevel]  *SYSTEM org.sonatype.nexus.bootstrap.ConfigurationBuilder -   nexus-context-path='/'
2023-01-12 02:16:26,726+0000 INFO  [FelixStartLevel]  *SYSTEM org.sonatype.nexus.bootstrap.ConfigurationBuilder -   nexus-edition='nexus-pro-edition'
2023-01-12 02:16:26,726+0000 INFO  [FelixStartLevel]  *SYSTEM org.sonatype.nexus.bootstrap.ConfigurationBuilder -   nexus-features='nexus-pro-feature'
2023-01-12 02:16:26,726+0000 INFO  [FelixStartLevel]  *SYSTEM org.sonatype.nexus.bootstrap.ConfigurationBuilder -   nexus.hazelcast.discovery.isEnabled='true'
2023-01-12 02:16:26,726+0000 INFO  [FelixStartLevel]  *SYSTEM org.sonatype.nexus.bootstrap.ConfigurationBuilder -   ssl.etc='/app/nexus/etc/ssl'
2023-01-12 02:16:26,727+0000 INFO  [FelixStartLevel]  *SYSTEM org.sonatype.nexus.bootstrap.Launcher - Java: 1.8.0_352, OpenJDK 64-Bit Server VM, Red Hat, Inc., 25.352-b08
2023-01-12 02:16:26,727+0000 INFO  [FelixStartLevel]  *SYSTEM org.sonatype.nexus.bootstrap.Launcher - OS: Linux, 5.14.0-162.6.1.el9_1.x86_64, amd64
2023-01-12 02:16:26,727+0000 INFO  [FelixStartLevel]  *SYSTEM org.sonatype.nexus.bootstrap.Launcher - User: nexus, en, /home/nexus
2023-01-12 02:16:26,727+0000 INFO  [FelixStartLevel]  *SYSTEM org.sonatype.nexus.bootstrap.Launcher - CWD: /app/nexus
2023-01-12 02:16:26,730+0000 INFO  [FelixStartLevel]  *SYSTEM org.sonatype.nexus.bootstrap.Launcher - TMP: /app/sonatype-work/nexus3/tmp
2023-01-12 02:16:26,733+0000 INFO  [FelixStartLevel]  *SYSTEM org.sonatype.nexus.bootstrap.jetty.JettyServer - Starting
2023-01-12 02:16:26,747+0000 INFO  [FelixStartLevel]  *SYSTEM org.eclipse.jetty.util.log - Logging initialized @3572ms to org.eclipse.jetty.util.log.Slf4jLog
2023-01-12 02:16:26,752+0000 INFO  [FelixStartLevel]  *SYSTEM org.sonatype.nexus.bootstrap.jetty.JettyServer - Applying configuration: file:/app/nexus/etc/jetty/jetty.xml
2023-01-12 02:16:26,946+0000 INFO  [FelixStartLevel]  *SYSTEM org.sonatype.nexus.bootstrap.jetty.JettyServer - Applying configuration: file:/app/nexus/etc/jetty/jetty-http.xml
2023-01-12 02:16:26,991+0000 WARN  [FelixStartLevel]  *SYSTEM org.eclipse.jetty.server.AbstractConnector - Ignoring deprecated socket close linger time
2023-01-12 02:16:26,996+0000 INFO  [FelixStartLevel]  *SYSTEM org.sonatype.nexus.bootstrap.jetty.JettyServer - Applying configuration: file:/app/nexus/etc/jetty/jetty-requestlog.xml
2023-01-12 02:16:27,022+0000 INFO  [jetty-main-1]  *SYSTEM org.sonatype.nexus.bootstrap.jetty.JettyServer - Starting: Server@4882989{STOPPED}[9.4.18.v20190429]
2023-01-12 02:16:27,025+0000 INFO  [jetty-main-1]  *SYSTEM org.eclipse.jetty.server.Server - jetty-9.4.18.v20190429; built: 2019-04-29T20:42:08.989Z; git: e1bc35120a6617ee3df052294e433f3a25ce7097; jvm 1.8.0_352-b08
2023-01-12 02:16:27,081+0000 INFO  [jetty-main-1]  *SYSTEM org.eclipse.jetty.server.session - DefaultSessionIdManager workerName=node0
2023-01-12 02:16:27,082+0000 INFO  [jetty-main-1]  *SYSTEM org.eclipse.jetty.server.session - No SessionScavenger set, using defaults
2023-01-12 02:16:27,084+0000 INFO  [jetty-main-1]  *SYSTEM org.eclipse.jetty.server.session - node0 Scavenging every 600000ms
2023-01-12 02:16:27,090+0000 INFO  [jetty-main-1]  *SYSTEM org.sonatype.nexus.bootstrap.osgi.BootstrapListener - Initializing
2023-01-12 02:16:27,091+0000 INFO  [jetty-main-1]  *SYSTEM org.sonatype.nexus.bootstrap.osgi.BootstrapListener - Loading OSS Edition
2023-01-12 02:16:27,095+0000 INFO  [jetty-main-1]  *SYSTEM org.sonatype.nexus.bootstrap.osgi.BootstrapListener - Installing: nexus-oss-edition/3.23.0.03 (nexus-orient/3.23.0.03)
2023-01-12 02:16:29,496+0000 INFO  [jetty-main-1]  *SYSTEM org.sonatype.nexus.bootstrap.osgi.BootstrapListener - Installed: nexus-oss-edition/3.23.0.03 (nexus-orient/3.23.0.03)
2023-01-12 02:16:30,059+0000 INFO  [jetty-main-1]  *SYSTEM org.apache.shiro.nexus.NexusWebSessionManager - Global session timeout: 1800000 ms
2023-01-12 02:16:30,060+0000 INFO  [jetty-main-1]  *SYSTEM org.apache.shiro.nexus.NexusWebSessionManager - Session-cookie prototype: name=NXSESSIONID
2023-01-12 02:16:30,093+0000 INFO  [jetty-main-1]  *SYSTEM org.sonatype.nexus.extender.NexusBundleTracker - ACTIVATING org.sonatype.nexus.common [90]
2023-01-12 02:16:30,257+0000 INFO  [jetty-main-1]  *SYSTEM org.hibernate.validator.internal.util.Version - HV000001: Hibernate Validator 6.1.0.Final
2023-01-12 02:16:30,568+0000 INFO  [jetty-main-1]  *SYSTEM org.sonatype.nexus.extender.NexusBundleTracker - ACTIVATED org.sonatype.nexus.common [90]
2023-01-12 02:16:30,569+0000 INFO  [jetty-main-1]  *SYSTEM org.sonatype.nexus.extender.NexusBundleTracker - ACTIVATING org.apache.tika.core [112]
2023-01-12 02:16:30,620+0000 INFO  [jetty-main-1]  *SYSTEM org.sonatype.nexus.extender.NexusBundleTracker - ACTIVATED org.apache.tika.core [112]
2023-01-12 02:16:30,622+0000 INFO  [jetty-main-1]  *SYSTEM org.sonatype.nexus.extender.NexusBundleTracker - ACTIVATING org.hibernate.validator [135]
2023-01-12 02:16:30,668+0000 INFO  [jetty-main-1]  *SYSTEM org.sonatype.nexus.extender.NexusBundleTracker - ACTIVATED org.hibernate.validator [135]
2023-01-12 02:16:30,671+0000 INFO  [jetty-main-1]  *SYSTEM org.sonatype.nexus.extender.NexusBundleTracker - ACTIVATING org.sonatype.nexus.cache [116]
2023-01-12 02:16:30,724+0000 INFO  [jetty-main-1]  *SYSTEM org.sonatype.nexus.extender.NexusBundleTracker - ACTIVATED org.sonatype.nexus.cache [116]
2023-01-12 02:16:30,724+0000 INFO  [jetty-main-1]  *SYSTEM org.sonatype.nexus.extender.NexusBundleTracker - ACTIVATING org.sonatype.nexus.crypto [119]
2023-01-12 02:16:30,841+0000 INFO  [jetty-main-1]  *SYSTEM org.sonatype.nexus.extender.NexusBundleTracker - ACTIVATED org.sonatype.nexus.crypto [119]
2023-01-12 02:16:30,841+0000 INFO  [jetty-main-1]  *SYSTEM org.sonatype.nexus.extender.NexusBundleTracker - ACTIVATING org.sonatype.nexus.security [113]
2023-01-12 02:16:31,072+0000 INFO  [jetty-main-1]  *SYSTEM org.sonatype.nexus.extender.NexusBundleTracker - ACTIVATED org.sonatype.nexus.security [113]
2023-01-12 02:16:31,073+0000 INFO  [jetty-main-1]  *SYSTEM org.sonatype.nexus.extender.NexusBundleTracker - ACTIVATING org.sonatype.nexus.jmx [115]
2023-01-12 02:16:31,110+0000 INFO  [jetty-main-1]  *SYSTEM org.sonatype.nexus.extender.NexusBundleTracker - ACTIVATED org.sonatype.nexus.jmx [115]
2023-01-12 02:16:31,112+0000 INFO  [jetty-main-1]  *SYSTEM org.sonatype.nexus.extender.NexusBundleTracker - ACTIVATING org.sonatype.nexus.thread [159]
2023-01-12 02:16:31,161+0000 INFO  [jetty-main-1]  *SYSTEM org.sonatype.nexus.extender.NexusBundleTracker - ACTIVATED org.sonatype.nexus.thread [159]
2023-01-12 02:16:31,162+0000 INFO  [jetty-main-1]  *SYSTEM org.sonatype.nexus.extender.NexusBundleTracker - ACTIVATING org.sonatype.nexus.scheduling [155]
2023-01-12 02:16:31,221+0000 INFO  [jetty-main-1]  *SYSTEM org.sonatype.nexus.extender.NexusBundleTracker - ACTIVATED org.sonatype.nexus.scheduling [155]
2023-01-12 02:16:31,222+0000 INFO  [jetty-main-1]  *SYSTEM org.sonatype.nexus.extender.NexusBundleTracker - ACTIVATING org.sonatype.nexus.blobstore [146]
2023-01-12 02:16:31,290+0000 INFO  [jetty-main-1]  *SYSTEM org.sonatype.nexus.extender.NexusBundleTracker - ACTIVATED org.sonatype.nexus.blobstore [146]
2023-01-12 02:16:31,291+0000 INFO  [jetty-main-1]  *SYSTEM org.sonatype.nexus.extender.NexusBundleTracker - ACTIVATING org.sonatype.nexus.blobstore-file [144]
2023-01-12 02:16:31,383+0000 INFO  [jetty-main-1]  *SYSTEM org.sonatype.nexus.extender.NexusBundleTracker - ACTIVATED org.sonatype.nexus.blobstore-file [144]
2023-01-12 02:16:31,384+0000 INFO  [jetty-main-1]  *SYSTEM org.sonatype.nexus.extender.NexusBundleTracker - ACTIVATING org.sonatype.nexus.capability [148]
2023-01-12 02:16:31,423+0000 INFO  [jetty-main-1]  *SYSTEM org.sonatype.nexus.extender.NexusBundleTracker - ACTIVATED org.sonatype.nexus.capability [148]
2023-01-12 02:16:31,424+0000 INFO  [jetty-main-1]  *SYSTEM org.sonatype.nexus.extender.NexusBundleTracker - ACTIVATING org.sonatype.nexus.commands [149]
2023-01-12 02:16:31,460+0000 INFO  [jetty-main-1]  *SYSTEM org.sonatype.nexus.extender.NexusBundleTracker - ACTIVATED org.sonatype.nexus.commands [149]
2023-01-12 02:16:31,461+0000 INFO  [jetty-main-1]  *SYSTEM org.sonatype.nexus.extender.NexusBundleTracker - ACTIVATING org.sonatype.nexus.email [150]
2023-01-12 02:16:31,485+0000 INFO  [jetty-main-1]  *SYSTEM org.sonatype.nexus.extender.NexusBundleTracker - ACTIVATED org.sonatype.nexus.email [150]
2023-01-12 02:16:31,487+0000 INFO  [jetty-main-1]  *SYSTEM org.sonatype.nexus.extender.NexusBundleTracker - ACTIVATING org.sonatype.nexus.httpclient [153]
2023-01-12 02:16:31,514+0000 INFO  [jetty-main-1]  *SYSTEM org.sonatype.nexus.extender.NexusBundleTracker - ACTIVATED org.sonatype.nexus.httpclient [153]
2023-01-12 02:16:31,515+0000 INFO  [jetty-main-1]  *SYSTEM org.sonatype.nexus.extender.NexusBundleTracker - ACTIVATING org.sonatype.nexus.servlet [156]
2023-01-12 02:16:31,539+0000 INFO  [jetty-main-1]  *SYSTEM org.sonatype.nexus.extender.NexusBundleTracker - ACTIVATED org.sonatype.nexus.servlet [156]
2023-01-12 02:16:31,540+0000 INFO  [jetty-main-1]  *SYSTEM org.sonatype.nexus.extender.NexusBundleTracker - ACTIVATING org.sonatype.nexus.datastore [171]
2023-01-12 02:16:31,586+0000 INFO  [jetty-main-1]  *SYSTEM org.sonatype.nexus.extender.NexusBundleTracker - ACTIVATED org.sonatype.nexus.datastore [171]
2023-01-12 02:16:31,587+0000 INFO  [jetty-main-1]  *SYSTEM org.sonatype.nexus.extender.NexusBundleTracker - ACTIVATING org.sonatype.nexus.orient [202]
2023-01-12 02:16:31,693+0000 INFO  [jetty-main-1]  *SYSTEM org.sonatype.nexus.extender.NexusBundleTracker - ACTIVATED org.sonatype.nexus.orient [202]
2023-01-12 02:16:31,694+0000 INFO  [jetty-main-1]  *SYSTEM org.sonatype.nexus.extender.NexusBundleTracker - ACTIVATING org.sonatype.nexus.base [161]
2023-01-12 02:16:31,899+0000 INFO  [jetty-main-1]  *SYSTEM org.sonatype.nexus.internal.metrics.MetricsModule - Metrics support configured
2023-01-12 02:16:32,865+0000 INFO  [jetty-main-1]  *SYSTEM org.sonatype.nexus.extender.NexusBundleTracker - ACTIVATED org.sonatype.nexus.base [161]
2023-01-12 02:16:32,866+0000 INFO  [jetty-main-1]  *SYSTEM org.sonatype.nexus.extender.NexusBundleTracker - ACTIVATING org.sonatype.nexus.upgrade [175]
2023-01-12 02:16:32,909+0000 INFO  [jetty-main-1]  *SYSTEM org.sonatype.nexus.extender.NexusBundleTracker - ACTIVATED org.sonatype.nexus.upgrade [175]
2023-01-12 02:16:32,910+0000 INFO  [jetty-main-1]  *SYSTEM org.sonatype.nexus.extender.NexusBundleTracker - ACTIVATING org.sonatype.nexus.extdirect [177]
2023-01-12 02:16:32,966+0000 INFO  [jetty-main-1]  *SYSTEM org.sonatype.nexus.extender.NexusBundleTracker - ACTIVATED org.sonatype.nexus.extdirect [177]
2023-01-12 02:16:32,967+0000 INFO  [jetty-main-1]  *SYSTEM org.sonatype.nexus.extender.NexusBundleTracker - ACTIVATING org.sonatype.nexus.siesta [180]
2023-01-12 02:16:33,050+0000 INFO  [jetty-main-1]  *SYSTEM org.sonatype.nexus.extender.NexusBundleTracker - ACTIVATED org.sonatype.nexus.siesta [180]
2023-01-12 02:16:33,052+0000 INFO  [jetty-main-1]  *SYSTEM org.sonatype.nexus.extender.NexusBundleTracker - ACTIVATING org.sonatype.nexus.rest-jackson2 [182]
2023-01-12 02:16:33,071+0000 INFO  [jetty-main-1]  *SYSTEM org.sonatype.nexus.extender.NexusBundleTracker - ACTIVATED org.sonatype.nexus.rest-jackson2 [182]
2023-01-12 02:16:33,072+0000 INFO  [jetty-main-1]  *SYSTEM org.sonatype.nexus.extender.NexusBundleTracker - ACTIVATING org.sonatype.nexus.swagger [193]
2023-01-12 02:16:33,107+0000 INFO  [jetty-main-1]  *SYSTEM org.sonatype.nexus.extender.NexusBundleTracker - ACTIVATED org.sonatype.nexus.swagger [193]
2023-01-12 02:16:33,107+0000 INFO  [jetty-main-1]  *SYSTEM org.sonatype.nexus.extender.NexusBundleTracker - ACTIVATING org.sonatype.nexus.rapture [198]
2023-01-12 02:16:33,251+0000 INFO  [jetty-main-1]  *SYSTEM org.sonatype.nexus.extender.NexusBundleTracker - ACTIVATED org.sonatype.nexus.rapture [198]
2023-01-12 02:16:33,252+0000 INFO  [jetty-main-1]  *SYSTEM org.sonatype.nexus.extender.NexusBundleTracker - ACTIVATING org.sonatype.nexus.quartz [200]
2023-01-12 02:16:33,329+0000 INFO  [jetty-main-1]  *SYSTEM org.sonatype.nexus.extender.NexusBundleTracker - ACTIVATED org.sonatype.nexus.quartz [200]
2023-01-12 02:16:33,330+0000 INFO  [jetty-main-1]  *SYSTEM org.sonatype.nexus.extender.NexusBundleTracker - ACTIVATING org.sonatype.nexus.oss-edition [201]
2023-01-12 02:16:33,351+0000 INFO  [jetty-main-1]  *SYSTEM org.sonatype.nexus.extender.NexusBundleTracker - ACTIVATED org.sonatype.nexus.oss-edition [201]
2023-01-12 02:16:33,353+0000 INFO  [jetty-main-1]  *SYSTEM org.sonatype.nexus.extender.NexusContextListener - Running lifecycle phases [KERNEL, STORAGE, RESTORE, UPGRADE, SCHEMAS, EVENTS, SECURITY, SERVICES, CAPABILITIES, TASKS]
2023-01-12 02:16:33,353+0000 INFO  [jetty-main-1]  *SYSTEM org.sonatype.nexus.extender.NexusLifecycleManager - Start KERNEL
2023-01-12 02:16:33,357+0000 INFO  [jetty-main-1]  *SYSTEM org.sonatype.nexus.internal.log.LogbackLoggerOverrides - File: /app/sonatype-work/nexus3/etc/logback/logback-overrides.xml
2023-01-12 02:16:33,359+0000 INFO  [jetty-main-1]  *SYSTEM org.sonatype.nexus.internal.log.LogbackLogManager - Configuring
2023-01-12 02:16:33,371+0000 INFO  [jetty-main-1]  *SYSTEM org.sonatype.nexus.extender.NexusContextListener - Installing: [nexus-oss-feature/3.23.0.03, nexus-cma-feature/3.23.0.03, nexus-cma-extra/3.23.0.03, nexus-clm-oss-plugin/3.23.0.03]
2023-01-12 02:16:37,213+0000 INFO  [jetty-main-1]  *SYSTEM org.sonatype.nexus.extender.NexusContextListener - Installed: [nexus-oss-feature/3.23.0.03, nexus-cma-feature/3.23.0.03, nexus-cma-extra/3.23.0.03, nexus-clm-oss-plugin/3.23.0.03]
2023-01-12 02:16:37,245+0000 INFO  [FelixStartLevel]  *SYSTEM org.sonatype.nexus.extender.NexusBundleTracker - ACTIVATING org.sonatype.nexus.plugins.nexus-audit-plugin [212]
2023-01-12 02:16:37,547+0000 INFO  [FelixStartLevel]  *SYSTEM org.sonatype.nexus.extender.NexusBundleTracker - ACTIVATED org.sonatype.nexus.plugins.nexus-audit-plugin [212]
2023-01-12 02:16:37,576+0000 INFO  [FelixStartLevel]  *SYSTEM org.sonatype.nexus.extender.NexusBundleTracker - ACTIVATING org.sonatype.nexus.plugins.nexus-ssl-plugin [213]
2023-01-12 02:16:37,654+0000 INFO  [FelixStartLevel]  *SYSTEM org.sonatype.nexus.extender.NexusBundleTracker - ACTIVATED org.sonatype.nexus.plugins.nexus-ssl-plugin [213]
2023-01-12 02:16:37,728+0000 INFO  [FelixStartLevel]  *SYSTEM org.sonatype.nexus.extender.NexusBundleTracker - ACTIVATING org.sonatype.nexus.repository-config [223]
2023-01-12 02:16:37,835+0000 INFO  [FelixStartLevel]  *SYSTEM org.sonatype.nexus.extender.NexusBundleTracker - ACTIVATED org.sonatype.nexus.repository-config [223]
2023-01-12 02:16:37,835+0000 INFO  [FelixStartLevel]  *SYSTEM org.sonatype.nexus.extender.NexusBundleTracker - ACTIVATING org.sonatype.nexus.selector [234]
2023-01-12 02:16:37,879+0000 INFO  [FelixStartLevel]  *SYSTEM org.sonatype.nexus.extender.NexusBundleTracker - ACTIVATED org.sonatype.nexus.selector [234]
2023-01-12 02:16:37,880+0000 INFO  [FelixStartLevel]  *SYSTEM org.sonatype.nexus.extender.NexusBundleTracker - ACTIVATING org.sonatype.nexus.elasticsearch [226]
2023-01-12 02:16:37,908+0000 INFO  [FelixStartLevel]  *SYSTEM org.sonatype.nexus.extender.NexusBundleTracker - ACTIVATED org.sonatype.nexus.elasticsearch [226]
2023-01-12 02:16:37,909+0000 INFO  [FelixStartLevel]  *SYSTEM org.sonatype.nexus.extender.NexusBundleTracker - ACTIVATING org.sonatype.nexus.repository-content [237]
2023-01-12 02:16:38,399+0000 INFO  [FelixStartLevel]  *SYSTEM org.sonatype.nexus.extender.NexusBundleTracker - ACTIVATED org.sonatype.nexus.repository-content [237]
2023-01-12 02:16:38,400+0000 INFO  [FelixStartLevel]  *SYSTEM org.sonatype.nexus.extender.NexusBundleTracker - ACTIVATING org.sonatype.nexus.plugins.nexus-coreui-plugin [214]
2023-01-12 02:16:38,634+0000 INFO  [FelixStartLevel]  *SYSTEM org.sonatype.nexus.extender.NexusBundleTracker - ACTIVATED org.sonatype.nexus.plugins.nexus-coreui-plugin [214]
2023-01-12 02:16:38,652+0000 INFO  [FelixStartLevel]  *SYSTEM org.sonatype.nexus.extender.NexusBundleTracker - ACTIVATING org.sonatype.nexus.plugins.nexus-repository-httpbridge [215]
2023-01-12 02:16:38,694+0000 INFO  [FelixStartLevel]  *SYSTEM org.sonatype.nexus.extender.NexusBundleTracker - ACTIVATED org.sonatype.nexus.plugins.nexus-repository-httpbridge [215]
2023-01-12 02:16:38,729+0000 INFO  [FelixStartLevel]  *SYSTEM org.sonatype.nexus.extender.NexusBundleTracker - ACTIVATING org.sonatype.nexus.cleanup-config [239]
2023-01-12 02:16:38,776+0000 INFO  [FelixStartLevel]  *SYSTEM org.sonatype.nexus.extender.NexusBundleTracker - ACTIVATED org.sonatype.nexus.cleanup-config [239]
2023-01-12 02:16:38,777+0000 INFO  [FelixStartLevel]  *SYSTEM org.sonatype.nexus.extender.NexusBundleTracker - ACTIVATING org.sonatype.nexus.plugins.nexus-repository-maven [265]
2023-01-12 02:16:38,975+0000 INFO  [FelixStartLevel]  *SYSTEM org.sonatype.nexus.extender.NexusBundleTracker - ACTIVATED org.sonatype.nexus.plugins.nexus-repository-maven [265]
2023-01-12 02:16:38,976+0000 INFO  [FelixStartLevel]  *SYSTEM org.sonatype.nexus.extender.NexusBundleTracker - ACTIVATING org.sonatype.nexus.plugins.nexus-script-plugin [216]
2023-01-12 02:16:39,041+0000 INFO  [FelixStartLevel]  *SYSTEM org.sonatype.nexus.extender.NexusBundleTracker - ACTIVATED org.sonatype.nexus.plugins.nexus-script-plugin [216]
2023-01-12 02:16:39,057+0000 INFO  [FelixStartLevel]  *SYSTEM org.sonatype.nexus.extender.NexusBundleTracker - ACTIVATING org.sonatype.nexus.plugins.nexus-task-log-cleanup [217]
2023-01-12 02:16:39,079+0000 INFO  [FelixStartLevel]  *SYSTEM org.sonatype.nexus.extender.NexusBundleTracker - ACTIVATED org.sonatype.nexus.plugins.nexus-task-log-cleanup [217]
2023-01-12 02:16:39,114+0000 INFO  [FelixStartLevel]  *SYSTEM org.sonatype.nexus.extender.NexusBundleTracker - ACTIVATING org.sonatype.nexus.plugins.nexus-blobstore-s3 [218]
2023-01-12 02:16:39,275+0000 INFO  [FelixStartLevel]  *SYSTEM org.sonatype.nexus.extender.NexusBundleTracker - ACTIVATED org.sonatype.nexus.plugins.nexus-blobstore-s3 [218]
2023-01-12 02:16:39,286+0000 INFO  [FelixStartLevel]  *SYSTEM org.sonatype.nexus.extender.NexusBundleTracker - ACTIVATING org.sonatype.nexus.plugins.nexus-onboarding-plugin [219]
2023-01-12 02:16:39,309+0000 INFO  [FelixStartLevel]  *SYSTEM org.sonatype.nexus.extender.NexusBundleTracker - ACTIVATED org.sonatype.nexus.plugins.nexus-onboarding-plugin [219]
2023-01-12 02:16:39,317+0000 INFO  [FelixStartLevel]  *SYSTEM org.sonatype.nexus.extender.NexusBundleTracker - ACTIVATING org.sonatype.nexus.plugins.nexus-default-role-plugin [220]
2023-01-12 02:16:39,342+0000 INFO  [FelixStartLevel]  *SYSTEM org.sonatype.nexus.extender.NexusBundleTracker - ACTIVATED org.sonatype.nexus.plugins.nexus-default-role-plugin [220]
2023-01-12 02:16:39,356+0000 INFO  [FelixStartLevel]  *SYSTEM org.sonatype.nexus.extender.NexusBundleTracker - ACTIVATING org.sonatype.nexus.plugins.nexus-repository-raw [221]
2023-01-12 02:16:39,418+0000 INFO  [FelixStartLevel]  *SYSTEM org.sonatype.nexus.extender.NexusBundleTracker - ACTIVATED org.sonatype.nexus.plugins.nexus-repository-raw [221]
2023-01-12 02:16:39,442+0000 INFO  [FelixStartLevel]  *SYSTEM org.sonatype.nexus.extender.NexusBundleTracker - ACTIVATING org.sonatype.nexus.cleanup [238]
2023-01-12 02:16:39,470+0000 INFO  [FelixStartLevel]  *SYSTEM org.sonatype.nexus.extender.NexusBundleTracker - ACTIVATED org.sonatype.nexus.cleanup [238]
2023-01-12 02:16:39,490+0000 INFO  [FelixStartLevel]  *SYSTEM org.sonatype.nexus.extender.NexusBundleTracker - ACTIVATING org.sonatype.nexus.core [240]
2023-01-12 02:16:39,775+0000 INFO  [FelixStartLevel]  *SYSTEM org.sonatype.nexus.extender.NexusBundleTracker - ACTIVATED org.sonatype.nexus.core [240]
2023-01-12 02:16:39,793+0000 INFO  [FelixStartLevel]  *SYSTEM org.sonatype.nexus.extender.NexusBundleTracker - ACTIVATING com.sonatype.nexus.plugins.nexus-ldap-plugin [244]
2023-01-12 02:16:39,881+0000 INFO  [FelixStartLevel]  *SYSTEM org.sonatype.nexus.extender.NexusBundleTracker - ACTIVATED com.sonatype.nexus.plugins.nexus-ldap-plugin [244]
2023-01-12 02:16:39,892+0000 INFO  [FelixStartLevel]  *SYSTEM org.sonatype.nexus.extender.NexusBundleTracker - ACTIVATING com.sonatype.nexus.plugins.nexus-proui-plugin [245]
2023-01-12 02:16:39,915+0000 INFO  [FelixStartLevel]  *SYSTEM org.sonatype.nexus.extender.NexusBundleTracker - ACTIVATED com.sonatype.nexus.plugins.nexus-proui-plugin [245]
2023-01-12 02:16:39,924+0000 INFO  [FelixStartLevel]  *SYSTEM org.sonatype.nexus.extender.NexusBundleTracker - ACTIVATING com.sonatype.nexus.plugins.nexus-proximanova-plugin [246]
2023-01-12 02:16:39,938+0000 INFO  [FelixStartLevel]  *SYSTEM org.sonatype.nexus.extender.NexusBundleTracker - ACTIVATED com.sonatype.nexus.plugins.nexus-proximanova-plugin [246]
2023-01-12 02:16:39,949+0000 INFO  [FelixStartLevel]  *SYSTEM org.sonatype.nexus.extender.NexusBundleTracker - ACTIVATING wrap_file_system_com_sonatype_licensing_license-bundle_1.5.0_license-bundle-1.5.0.jar [254]
2023-01-12 02:16:40,004+0000 INFO  [FelixStartLevel]  *SYSTEM org.sonatype.nexus.extender.NexusBundleTracker - ACTIVATED wrap_file_system_com_sonatype_licensing_license-bundle_1.5.0_license-bundle-1.5.0.jar [254]
2023-01-12 02:16:40,004+0000 INFO  [FelixStartLevel]  *SYSTEM org.sonatype.nexus.extender.NexusBundleTracker - ACTIVATING com.sonatype.nexus.licensing-extension [253]
2023-01-12 02:16:40,054+0000 INFO  [FelixStartLevel]  *SYSTEM org.sonatype.nexus.extender.NexusBundleTracker - ACTIVATED com.sonatype.nexus.licensing-extension [253]
2023-01-12 02:16:40,054+0000 INFO  [FelixStartLevel]  *SYSTEM org.sonatype.nexus.extender.NexusBundleTracker - ACTIVATING com.sonatype.nexus.plugins.nexus-licensing-plugin [247]
2023-01-12 02:16:40,093+0000 INFO  [FelixStartLevel]  *SYSTEM org.sonatype.nexus.extender.NexusBundleTracker - ACTIVATED com.sonatype.nexus.plugins.nexus-licensing-plugin [247]
2023-01-12 02:16:40,165+0000 INFO  [FelixStartLevel]  *SYSTEM org.sonatype.nexus.extender.NexusBundleTracker - ACTIVATING wrap_file_system_com_sonatype_insight_scan_insight-scanner-core_2.18.8-01_insight-scanner-core-2.18.8-01.jar [309]
2023-01-12 02:16:40,197+0000 INFO  [FelixStartLevel]  *SYSTEM org.sonatype.nexus.extender.NexusBundleTracker - ACTIVATED wrap_file_system_com_sonatype_insight_scan_insight-scanner-core_2.18.8-01_insight-scanner-core-2.18.8-01.jar [309]
2023-01-12 02:16:40,198+0000 INFO  [FelixStartLevel]  *SYSTEM org.sonatype.nexus.extender.NexusBundleTracker - ACTIVATING wrap_file_system_com_sonatype_insight_scan_insight-scanner-model-io_2.18.8-01_insight-scanner-model-io-2.18.8-01.jar [305]
2023-01-12 02:16:40,219+0000 INFO  [FelixStartLevel]  *SYSTEM org.sonatype.nexus.extender.NexusBundleTracker - ACTIVATED wrap_file_system_com_sonatype_insight_scan_insight-scanner-model-io_2.18.8-01_insight-scanner-model-io-2.18.8-01.jar [305]
2023-01-12 02:16:40,219+0000 INFO  [FelixStartLevel]  *SYSTEM org.sonatype.nexus.extender.NexusBundleTracker - ACTIVATING com.sonatype.nexus.plugins.nexus-healthcheck-base [303]
2023-01-12 02:16:40,415+0000 INFO  [FelixStartLevel]  *SYSTEM org.sonatype.nexus.extender.NexusBundleTracker - ACTIVATED com.sonatype.nexus.plugins.nexus-healthcheck-base [303]
2023-01-12 02:16:40,416+0000 INFO  [FelixStartLevel]  *SYSTEM org.sonatype.nexus.extender.NexusBundleTracker - ACTIVATING com.sonatype.nexus.plugins.nexus-repository-nuget [288]
2023-01-12 02:16:40,741+0000 INFO  [FelixStartLevel]  *SYSTEM org.sonatype.nexus.extender.NexusBundleTracker - ACTIVATED com.sonatype.nexus.plugins.nexus-repository-nuget [288]
2023-01-12 02:16:40,741+0000 INFO  [FelixStartLevel]  *SYSTEM org.sonatype.nexus.extender.NexusBundleTracker - ACTIVATING org.sonatype.nexus.plugins.nexus-repository-npm [271]
2023-01-12 02:16:40,913+0000 INFO  [FelixStartLevel]  *SYSTEM org.sonatype.nexus.extender.NexusBundleTracker - ACTIVATED org.sonatype.nexus.plugins.nexus-repository-npm [271]
2023-01-12 02:16:40,915+0000 INFO  [FelixStartLevel]  *SYSTEM org.sonatype.nexus.extender.NexusBundleTracker - ACTIVATING com.sonatype.nexus.plugins.nexus-repository-rubygems [292]
2023-01-12 02:16:40,997+0000 INFO  [FelixStartLevel]  *SYSTEM org.sonatype.nexus.extender.NexusBundleTracker - ACTIVATED com.sonatype.nexus.plugins.nexus-repository-rubygems [292]
2023-01-12 02:16:40,998+0000 INFO  [FelixStartLevel]  *SYSTEM org.sonatype.nexus.extender.NexusBundleTracker - ACTIVATING org.sonatype.nexus.rest-client [249]
2023-01-12 02:16:41,013+0000 INFO  [FelixStartLevel]  *SYSTEM org.sonatype.nexus.extender.NexusBundleTracker - ACTIVATED org.sonatype.nexus.rest-client [249]
2023-01-12 02:16:41,014+0000 INFO  [FelixStartLevel]  *SYSTEM org.sonatype.nexus.extender.NexusBundleTracker - ACTIVATING com.sonatype.nexus.plugins.nexus-migration-plugin [248]
2023-01-12 02:16:41,220+0000 INFO  [FelixStartLevel]  *SYSTEM org.sonatype.nexus.extender.NexusBundleTracker - ACTIVATED com.sonatype.nexus.plugins.nexus-migration-plugin [248]
2023-01-12 02:16:41,229+0000 INFO  [FelixStartLevel]  *SYSTEM org.sonatype.nexus.extender.NexusBundleTracker - ACTIVATING com.sonatype.nexus.plugins.nexus-outreach-plugin [251]
2023-01-12 02:16:41,274+0000 INFO  [FelixStartLevel]  *SYSTEM org.sonatype.nexus.extender.NexusBundleTracker - ACTIVATED com.sonatype.nexus.plugins.nexus-outreach-plugin [251]
2023-01-12 02:16:41,284+0000 INFO  [FelixStartLevel]  *SYSTEM org.sonatype.nexus.extender.NexusBundleTracker - ACTIVATING com.sonatype.nexus.plugins.nexus-rutauth-plugin [252]
2023-01-12 02:16:41,312+0000 INFO  [FelixStartLevel]  *SYSTEM org.sonatype.nexus.extender.NexusBundleTracker - ACTIVATED com.sonatype.nexus.plugins.nexus-rutauth-plugin [252]
2023-01-12 02:16:41,325+0000 INFO  [FelixStartLevel]  *SYSTEM org.sonatype.nexus.extender.NexusBundleTracker - ACTIVATING org.sonatype.nexus.plugins.nexus-blobstore-tasks [257]
2023-01-12 02:16:41,349+0000 INFO  [FelixStartLevel]  *SYSTEM org.sonatype.nexus.extender.NexusBundleTracker - ACTIVATED org.sonatype.nexus.plugins.nexus-blobstore-tasks [257]
2023-01-12 02:16:41,393+0000 INFO  [FelixStartLevel]  *SYSTEM org.sonatype.nexus.extender.NexusBundleTracker - ACTIVATING org.sonatype.nexus.plugins.nexus-repository-apt [258]
2023-01-12 02:16:41,506+0000 INFO  [FelixStartLevel]  *SYSTEM org.sonatype.nexus.extender.NexusBundleTracker - ACTIVATED org.sonatype.nexus.plugins.nexus-repository-apt [258]
2023-01-12 02:16:41,518+0000 INFO  [FelixStartLevel]  *SYSTEM org.sonatype.nexus.extender.NexusBundleTracker - ACTIVATING org.sonatype.nexus.plugins.nexus-repository-cocoapods [259]
2023-01-12 02:16:41,559+0000 INFO  [FelixStartLevel]  *SYSTEM org.sonatype.nexus.extender.NexusBundleTracker - ACTIVATED org.sonatype.nexus.plugins.nexus-repository-cocoapods [259]
2023-01-12 02:16:41,578+0000 INFO  [FelixStartLevel]  *SYSTEM org.sonatype.nexus.extender.NexusBundleTracker - ACTIVATING org.sonatype.nexus.plugins.nexus-repository-conan [260]
2023-01-12 02:16:41,667+0000 INFO  [FelixStartLevel]  *SYSTEM org.sonatype.nexus.extender.NexusBundleTracker - ACTIVATED org.sonatype.nexus.plugins.nexus-repository-conan [260]
2023-01-12 02:16:41,686+0000 INFO  [FelixStartLevel]  *SYSTEM org.sonatype.nexus.extender.NexusBundleTracker - ACTIVATING org.sonatype.nexus.plugins.nexus-repository-conda [261]
2023-01-12 02:16:41,728+0000 INFO  [FelixStartLevel]  *SYSTEM org.sonatype.nexus.extender.NexusBundleTracker - ACTIVATED org.sonatype.nexus.plugins.nexus-repository-conda [261]
2023-01-12 02:16:41,744+0000 INFO  [FelixStartLevel]  *SYSTEM org.sonatype.nexus.extender.NexusBundleTracker - ACTIVATING org.sonatype.nexus.plugins.nexus-repository-golang [262]
2023-01-12 02:16:41,813+0000 INFO  [FelixStartLevel]  *SYSTEM org.sonatype.nexus.extender.NexusBundleTracker - ACTIVATED org.sonatype.nexus.plugins.nexus-repository-golang [262]
2023-01-12 02:16:41,833+0000 INFO  [FelixStartLevel]  *SYSTEM org.sonatype.nexus.extender.NexusBundleTracker - ACTIVATING org.sonatype.nexus.plugins.nexus-repository-helm [263]
2023-01-12 02:16:42,307+0000 INFO  [FelixStartLevel]  *SYSTEM org.sonatype.nexus.extender.NexusBundleTracker - ACTIVATED org.sonatype.nexus.plugins.nexus-repository-helm [263]
2023-01-12 02:16:42,331+0000 INFO  [FelixStartLevel]  *SYSTEM org.sonatype.nexus.extender.NexusBundleTracker - ACTIVATING org.sonatype.nexus.plugins.nexus-repository-pypi [272]
2023-01-12 02:16:42,427+0000 INFO  [FelixStartLevel]  *SYSTEM org.sonatype.nexus.extender.NexusBundleTracker - ACTIVATED org.sonatype.nexus.plugins.nexus-repository-pypi [272]
2023-01-12 02:16:42,445+0000 INFO  [FelixStartLevel]  *SYSTEM org.sonatype.nexus.extender.NexusBundleTracker - ACTIVATING org.sonatype.nexus.plugins.nexus-repository-p2 [274]
2023-01-12 02:16:42,513+0000 INFO  [FelixStartLevel]  *SYSTEM org.sonatype.nexus.extender.NexusBundleTracker - ACTIVATED org.sonatype.nexus.plugins.nexus-repository-p2 [274]
2023-01-12 02:16:42,533+0000 INFO  [FelixStartLevel]  *SYSTEM org.sonatype.nexus.extender.NexusBundleTracker - ACTIVATING org.sonatype.nexus.plugins.nexus-repository-r [275]
2023-01-12 02:16:42,608+0000 INFO  [FelixStartLevel]  *SYSTEM org.sonatype.nexus.extender.NexusBundleTracker - ACTIVATED org.sonatype.nexus.plugins.nexus-repository-r [275]
2023-01-12 02:16:42,626+0000 INFO  [FelixStartLevel]  *SYSTEM org.sonatype.nexus.extender.NexusBundleTracker - ACTIVATING org.sonatype.nexus.plugins.nexus-restore-apt [277]
2023-01-12 02:16:42,643+0000 INFO  [FelixStartLevel]  *SYSTEM org.sonatype.nexus.extender.NexusBundleTracker - ACTIVATED org.sonatype.nexus.plugins.nexus-restore-apt [277]
2023-01-12 02:16:42,658+0000 INFO  [FelixStartLevel]  *SYSTEM org.sonatype.nexus.extender.NexusBundleTracker - ACTIVATING org.sonatype.nexus.plugins.nexus-restore-helm [278]
2023-01-12 02:16:42,677+0000 INFO  [FelixStartLevel]  *SYSTEM org.sonatype.nexus.extender.NexusBundleTracker - ACTIVATED org.sonatype.nexus.plugins.nexus-restore-helm [278]
2023-01-12 02:16:42,693+0000 INFO  [FelixStartLevel]  *SYSTEM org.sonatype.nexus.extender.NexusBundleTracker - ACTIVATING org.sonatype.nexus.plugins.nexus-restore-maven [279]
2023-01-12 02:16:42,719+0000 INFO  [FelixStartLevel]  *SYSTEM org.sonatype.nexus.extender.NexusBundleTracker - ACTIVATED org.sonatype.nexus.plugins.nexus-restore-maven [279]
2023-01-12 02:16:42,734+0000 INFO  [FelixStartLevel]  *SYSTEM org.sonatype.nexus.extender.NexusBundleTracker - ACTIVATING org.sonatype.nexus.plugins.nexus-restore-npm [280]
2023-01-12 02:16:42,755+0000 INFO  [FelixStartLevel]  *SYSTEM org.sonatype.nexus.extender.NexusBundleTracker - ACTIVATED org.sonatype.nexus.plugins.nexus-restore-npm [280]
2023-01-12 02:16:42,771+0000 INFO  [FelixStartLevel]  *SYSTEM org.sonatype.nexus.extender.NexusBundleTracker - ACTIVATING org.sonatype.nexus.plugins.nexus-restore-pypi [281]
2023-01-12 02:16:42,797+0000 INFO  [FelixStartLevel]  *SYSTEM org.sonatype.nexus.extender.NexusBundleTracker - ACTIVATED org.sonatype.nexus.plugins.nexus-restore-pypi [281]
2023-01-12 02:16:42,812+0000 INFO  [FelixStartLevel]  *SYSTEM org.sonatype.nexus.extender.NexusBundleTracker - ACTIVATING org.sonatype.nexus.plugins.nexus-restore-p2 [282]
2023-01-12 02:16:42,830+0000 INFO  [FelixStartLevel]  *SYSTEM org.sonatype.nexus.extender.NexusBundleTracker - ACTIVATED org.sonatype.nexus.plugins.nexus-restore-p2 [282]
2023-01-12 02:16:42,846+0000 INFO  [FelixStartLevel]  *SYSTEM org.sonatype.nexus.extender.NexusBundleTracker - ACTIVATING org.sonatype.nexus.plugins.nexus-restore-r [283]
2023-01-12 02:16:42,871+0000 INFO  [FelixStartLevel]  *SYSTEM org.sonatype.nexus.extender.NexusBundleTracker - ACTIVATED org.sonatype.nexus.plugins.nexus-restore-r [283]
2023-01-12 02:16:42,886+0000 INFO  [FelixStartLevel]  *SYSTEM org.sonatype.nexus.extender.NexusBundleTracker - ACTIVATING org.sonatype.nexus.plugins.nexus-restore-raw [284]
2023-01-12 02:16:42,903+0000 INFO  [FelixStartLevel]  *SYSTEM org.sonatype.nexus.extender.NexusBundleTracker - ACTIVATED org.sonatype.nexus.plugins.nexus-restore-raw [284]
2023-01-12 02:16:42,918+0000 INFO  [FelixStartLevel]  *SYSTEM org.sonatype.nexus.extender.NexusBundleTracker - ACTIVATING com.sonatype.nexus.plugins.nexus-repository-bower [285]
2023-01-12 02:16:42,991+0000 INFO  [FelixStartLevel]  *SYSTEM org.sonatype.nexus.extender.NexusBundleTracker - ACTIVATED com.sonatype.nexus.plugins.nexus-repository-bower [285]
2023-01-12 02:16:43,007+0000 INFO  [FelixStartLevel]  *SYSTEM org.sonatype.nexus.extender.NexusBundleTracker - ACTIVATING com.sonatype.nexus.plugins.nexus-repository-docker [286]
2023-01-12 02:16:43,240+0000 INFO  [FelixStartLevel]  *SYSTEM org.sonatype.nexus.extender.NexusBundleTracker - ACTIVATED com.sonatype.nexus.plugins.nexus-repository-docker [286]
2023-01-12 02:16:43,257+0000 INFO  [FelixStartLevel]  *SYSTEM org.sonatype.nexus.extender.NexusBundleTracker - ACTIVATING com.sonatype.nexus.plugins.nexus-repository-gitlfs [287]
2023-01-12 02:16:43,298+0000 INFO  [FelixStartLevel]  *SYSTEM org.sonatype.nexus.extender.NexusBundleTracker - ACTIVATED com.sonatype.nexus.plugins.nexus-repository-gitlfs [287]
2023-01-12 02:16:43,317+0000 INFO  [FelixStartLevel]  *SYSTEM org.sonatype.nexus.extender.NexusBundleTracker - ACTIVATING com.sonatype.nexus.plugins.nexus-repository-yum [294]
2023-01-12 02:16:43,445+0000 INFO  [FelixStartLevel]  *SYSTEM org.sonatype.nexus.extender.NexusBundleTracker - ACTIVATED com.sonatype.nexus.plugins.nexus-repository-yum [294]
2023-01-12 02:16:43,460+0000 INFO  [FelixStartLevel]  *SYSTEM org.sonatype.nexus.extender.NexusBundleTracker - ACTIVATING com.sonatype.nexus.plugins.nexus-restore-docker [298]
2023-01-12 02:16:43,482+0000 INFO  [FelixStartLevel]  *SYSTEM org.sonatype.nexus.extender.NexusBundleTracker - ACTIVATED com.sonatype.nexus.plugins.nexus-restore-docker [298]
2023-01-12 02:16:43,497+0000 INFO  [FelixStartLevel]  *SYSTEM org.sonatype.nexus.extender.NexusBundleTracker - ACTIVATING com.sonatype.nexus.plugins.nexus-restore-nuget [299]
2023-01-12 02:16:43,511+0000 INFO  [FelixStartLevel]  *SYSTEM org.sonatype.nexus.extender.NexusBundleTracker - ACTIVATED com.sonatype.nexus.plugins.nexus-restore-nuget [299]
2023-01-12 02:16:43,527+0000 INFO  [FelixStartLevel]  *SYSTEM org.sonatype.nexus.extender.NexusBundleTracker - ACTIVATING com.sonatype.nexus.plugins.nexus-restore-rubygems [300]
2023-01-12 02:16:43,559+0000 INFO  [FelixStartLevel]  *SYSTEM org.sonatype.nexus.extender.NexusBundleTracker - ACTIVATED com.sonatype.nexus.plugins.nexus-restore-rubygems [300]
2023-01-12 02:16:43,574+0000 INFO  [FelixStartLevel]  *SYSTEM org.sonatype.nexus.extender.NexusBundleTracker - ACTIVATING com.sonatype.nexus.plugins.nexus-restore-yum [301]
2023-01-12 02:16:43,592+0000 INFO  [FelixStartLevel]  *SYSTEM org.sonatype.nexus.extender.NexusBundleTracker - ACTIVATED com.sonatype.nexus.plugins.nexus-restore-yum [301]
2023-01-12 02:16:43,615+0000 INFO  [FelixStartLevel]  *SYSTEM org.sonatype.nexus.extender.NexusBundleTracker - ACTIVATING com.sonatype.nexus.plugins.nexus-ahc-plugin [302]
2023-01-12 02:16:43,648+0000 INFO  [FelixStartLevel]  *SYSTEM org.sonatype.nexus.extender.NexusBundleTracker - ACTIVATED com.sonatype.nexus.plugins.nexus-ahc-plugin [302]
2023-01-12 02:16:43,663+0000 INFO  [FelixStartLevel]  *SYSTEM org.sonatype.nexus.extender.NexusBundleTracker - ACTIVATING com.sonatype.nexus.plugins.nexus-clm-oss-plugin [307]
2023-01-12 02:16:43,680+0000 INFO  [FelixStartLevel]  *SYSTEM org.sonatype.nexus.extender.NexusBundleTracker - ACTIVATED com.sonatype.nexus.plugins.nexus-clm-oss-plugin [307]
2023-01-12 02:16:43,681+0000 INFO  [FelixStartLevel]  *SYSTEM org.sonatype.nexus.extender.NexusLifecycleManager - Start STORAGE
2023-01-12 02:16:44,248+0000 INFO  [FelixStartLevel]  *SYSTEM org.sonatype.nexus.internal.node.LocalNodeAccess - Generating certificate
2023-01-12 02:16:44,515+0000 INFO  [FelixStartLevel]  *SYSTEM org.sonatype.nexus.internal.node.LocalNodeAccess - ID: 254C5E15-E69A8AA7-EC6E42BF-11EA2479-4195FBE1
2023-01-12 02:16:44,910+0000 INFO  [FelixStartLevel]  *SYSTEM org.sonatype.nexus.internal.orient.DatabaseServerImpl - OrientDB version: 2.2.36 (build d3beb772c02098ceaea89779a7afd4b7305d3788, branch 2.2.x)
2023-01-12 02:16:44,927+0000 INFO  [FelixStartLevel]  *SYSTEM org.sonatype.nexus.internal.orient.DatabaseServerImpl$1 - OrientDB Server v2.2.36 (build d3beb772c02098ceaea89779a7afd4b7305d3788, branch 2.2.x) is starting up...
2023-01-12 02:16:44,931+0000 INFO  [FelixStartLevel]  *SYSTEM org.sonatype.nexus.internal.orient.DatabaseServerImpl$1 - Databases directory: /app/sonatype-work/nexus3/db
2023-01-12 02:16:45,156+0000 INFO  [FelixStartLevel]  *SYSTEM com.orientechnologies.orient.core.engine.OMemoryAndLocalPaginatedEnginesInitializer - Configuration of usage of soft references inside of containers of results of SQL execution
2023-01-12 02:16:45,157+0000 INFO  [FelixStartLevel]  *SYSTEM com.orientechnologies.orient.core.engine.OMemoryAndLocalPaginatedEnginesInitializer - Initial and maximum values of heap memory usage are equal, containers of results of SQL executors will use soft references by default
2023-01-12 02:16:45,158+0000 INFO  [FelixStartLevel]  *SYSTEM com.orientechnologies.orient.core.engine.OMemoryAndLocalPaginatedEnginesInitializer - Auto configuration of disk cache size.
2023-01-12 02:16:45,208+0000 INFO  [FelixStartLevel]  *SYSTEM com.orientechnologies.common.jna.ONative - 3829825536 B/3652 MB/3 GB of physical memory were detected on machine
2023-01-12 02:16:45,218+0000 INFO  [FelixStartLevel]  *SYSTEM com.orientechnologies.common.jna.ONative - Soft memory limit for this process is set to -1 B/-1 MB/-1 GB
2023-01-12 02:16:45,218+0000 INFO  [FelixStartLevel]  *SYSTEM com.orientechnologies.common.jna.ONative - Hard memory limit for this process is set to -1 B/-1 MB/-1 GB
2023-01-12 02:16:45,218+0000 INFO  [FelixStartLevel]  *SYSTEM com.orientechnologies.common.jna.ONative - Detected memory limit for current process is 3829825536 B/3652 MB/3 GB
2023-01-12 02:16:45,220+0000 WARN  [FelixStartLevel]  *SYSTEM com.orientechnologies.orient.core.engine.OMemoryAndLocalPaginatedEnginesInitializer - Not enough physical memory available for DISKCACHE: 3,652MB (heap=2,530MB direct=2,703MB). Set lower Maximum Heap (-Xmx setting on JVM) and restart OrientDB. Now running with DISKCACHE=256MB
2023-01-12 02:16:45,220+0000 INFO  [FelixStartLevel]  *SYSTEM com.orientechnologies.orient.core.engine.OMemoryAndLocalPaginatedEnginesInitializer - OrientDB config DISKCACHE=256MB (heap=2,530MB direct=2,703MB os=3,652MB)
2023-01-12 02:16:45,270+0000 INFO  [FelixStartLevel]  *SYSTEM com.orientechnologies.orient.server.OSystemDatabase - $ANSI{green {db=OSystem}} Creating the system database 'OSystem' for current server
2023-01-12 02:16:45,456+0000 INFO  [FelixStartLevel]  *SYSTEM com.orientechnologies.orient.core.storage.impl.local.paginated.OLocalPaginatedStorage - Storage 'plocal:/app/sonatype-work/nexus3/db/OSystem' is created under OrientDB distribution : 2.2.36 (build d3beb772c02098ceaea89779a7afd4b7305d3788, branch 2.2.x)
2023-01-12 02:16:46,305+0000 INFO  [FelixStartLevel]  *SYSTEM org.sonatype.nexus.internal.orient.DatabaseServerImpl$1 - Found ORIENTDB_ROOT_PASSWORD variable, using this value as root's password
2023-01-12 02:16:46,456+0000 INFO  [FelixStartLevel]  *SYSTEM com.orientechnologies.orient.server.handler.OJMXPlugin - JMX plugin installed and active: profilerManaged=true
2023-01-12 02:16:46,460+0000 INFO  [FelixStartLevel]  *SYSTEM org.sonatype.nexus.internal.orient.DatabaseServerImpl$1 - OrientDB Studio available at $ANSI{blue http://localhost:2480/studio/index.html}
2023-01-12 02:16:46,461+0000 INFO  [FelixStartLevel]  *SYSTEM org.sonatype.nexus.internal.orient.DatabaseServerImpl$1 - $ANSI{green:italic OrientDB Server is active} v2.2.36 (build d3beb772c02098ceaea89779a7afd4b7305d3788, branch 2.2.x).
2023-01-12 02:16:46,462+0000 INFO  [FelixStartLevel]  *SYSTEM org.sonatype.nexus.internal.orient.DatabaseServerImpl - Activated
2023-01-12 02:16:46,550+0000 INFO  [FelixStartLevel]  *SYSTEM org.sonatype.nexus.extender.NexusLifecycleManager - Start RESTORE
2023-01-12 02:16:46,645+0000 INFO  [FelixStartLevel]  *SYSTEM com.orientechnologies.orient.core.storage.impl.local.paginated.OLocalPaginatedStorage - Storage 'plocal:/app/sonatype-work/nexus3/db/component' is created under OrientDB distribution : 2.2.36 (build d3beb772c02098ceaea89779a7afd4b7305d3788, branch 2.2.x)
2023-01-12 02:16:46,652+0000 INFO  [ForkJoinPool.commonPool-worker-1]  *SYSTEM com.orientechnologies.orient.core.storage.impl.local.paginated.OLocalPaginatedStorage - Storage 'plocal:/app/sonatype-work/nexus3/db/config' is created under OrientDB distribution : 2.2.36 (build d3beb772c02098ceaea89779a7afd4b7305d3788, branch 2.2.x)
2023-01-12 02:16:48,000+0000 INFO  [ForkJoinPool.commonPool-worker-1]  *SYSTEM com.orientechnologies.orient.core.storage.impl.local.paginated.OLocalPaginatedStorage - Storage 'plocal:/app/sonatype-work/nexus3/db/security' is created under OrientDB distribution : 2.2.36 (build d3beb772c02098ceaea89779a7afd4b7305d3788, branch 2.2.x)
2023-01-12 02:16:48,838+0000 INFO  [FelixStartLevel]  *SYSTEM org.sonatype.nexus.extender.NexusLifecycleManager - Start UPGRADE
2023-01-12 02:16:49,097+0000 INFO  [FelixStartLevel]  *SYSTEM org.sonatype.nexus.internal.orient.DatabaseManagerImpl - Configuring OrientDB pool config with per-core limit of 16
2023-01-12 02:16:49,116+0000 INFO  [FelixStartLevel]  *SYSTEM org.sonatype.nexus.extender.NexusLifecycleManager - Start SCHEMAS
2023-01-12 02:16:49,276+0000 INFO  [FelixStartLevel]  *SYSTEM org.sonatype.nexus.internal.orient.OrientDeploymentAccessImpl - Created new deployment identifier: DeploymentIdentifier{id='254C5E15-E69A8AA7-EC6E42BF-11EA2479-4195FBE1', alias='null'}
2023-01-12 02:16:49,510+0000 INFO  [FelixStartLevel]  *SYSTEM org.sonatype.nexus.security.internal.AdminPasswordFileManagerImpl - Writing admin user temporary password to /app/sonatype-work/nexus3/admin.password
2023-01-12 02:16:49,544+0000 INFO  [FelixStartLevel]  *SYSTEM org.sonatype.nexus.internal.security.model.orient.OrientSecurityConfigurationSource - Initializing default users
2023-01-12 02:16:49,804+0000 INFO  [FelixStartLevel]  *SYSTEM org.sonatype.nexus.internal.security.model.orient.OrientSecurityConfigurationSource - Initializing default user/role mappings
2023-01-12 02:16:52,208+0000 INFO  [FelixStartLevel]  *SYSTEM org.sonatype.nexus.extender.NexusLifecycleManager - Start EVENTS
2023-01-12 02:16:52,612+0000 INFO  [FelixStartLevel]  *SYSTEM org.sonatype.nexus.extender.NexusLifecycleManager - Start SECURITY
2023-01-12 02:16:52,614+0000 INFO  [FelixStartLevel]  *SYSTEM org.sonatype.nexus.security.internal.DefaultSecuritySystem - Unlimited strength JCE policy detected
2023-01-12 02:16:52,616+0000 INFO  [FelixStartLevel]  *SYSTEM org.sonatype.nexus.internal.orient.DatabaseManagerImpl - Configuring OrientDB pool security with per-core limit of 16
2023-01-12 02:16:52,619+0000 INFO  [FelixStartLevel]  *SYSTEM org.sonatype.nexus.security.internal.RealmManagerImpl - Using default configuration: OrientRealmConfiguration{realmNames=[NexusAuthenticatingRealm, NexusAuthorizingRealm]}
2023-01-12 02:16:52,626+0000 INFO  [FelixStartLevel]  *SYSTEM org.sonatype.nexus.cache.internal.RuntimeCacheManagerProvider - Cache-provider: ehcache
2023-01-12 02:16:52,630+0000 INFO  [FelixStartLevel]  *SYSTEM org.sonatype.nexus.cache.internal.ehcache.EhCacheManagerProvider - Creating cache-manager with configuration: file:/app/nexus/etc/fabric/ehcache.xml
2023-01-12 02:16:52,635+0000 INFO  [FelixStartLevel]  *SYSTEM org.ehcache.xml.XmlConfiguration - Loading Ehcache XML configuration from /app/nexus/etc/fabric/ehcache.xml.
2023-01-12 02:16:52,868+0000 INFO  [FelixStartLevel]  *SYSTEM org.ehcache.jsr107.ConfigurationMerger - Configuration of cache NexusAuthenticatingRealm.authenticationCache will be supplemented by template nexus-default
2023-01-12 02:16:52,931+0000 INFO  [FelixStartLevel]  *SYSTEM org.ehcache.core.EhcacheManager - Cache 'NexusAuthenticatingRealm.authenticationCache' created in EhcacheManager.
2023-01-12 02:16:52,937+0000 INFO  [FelixStartLevel]  *SYSTEM org.ehcache.jsr107.Eh107CacheManager - Registering Ehcache MBean javax.cache:type=CacheConfiguration,CacheManager=file./app/nexus/etc/fabric/ehcache.xml,Cache=NexusAuthenticatingRealm.authenticationCache
2023-01-12 02:16:52,940+0000 INFO  [FelixStartLevel]  *SYSTEM org.ehcache.jsr107.Eh107CacheManager - Registering Ehcache MBean javax.cache:type=CacheStatistics,CacheManager=file./app/nexus/etc/fabric/ehcache.xml,Cache=NexusAuthenticatingRealm.authenticationCache
2023-01-12 02:16:52,942+0000 INFO  [FelixStartLevel]  *SYSTEM org.ehcache.jsr107.ConfigurationMerger - Configuration of cache NexusAuthorizingRealm.authorizationCache will be supplemented by template nexus-default
2023-01-12 02:16:52,946+0000 INFO  [FelixStartLevel]  *SYSTEM org.ehcache.core.EhcacheManager - Cache 'NexusAuthorizingRealm.authorizationCache' created in EhcacheManager.
2023-01-12 02:16:52,949+0000 INFO  [FelixStartLevel]  *SYSTEM org.ehcache.jsr107.Eh107CacheManager - Registering Ehcache MBean javax.cache:type=CacheConfiguration,CacheManager=file./app/nexus/etc/fabric/ehcache.xml,Cache=NexusAuthorizingRealm.authorizationCache
2023-01-12 02:16:52,950+0000 INFO  [FelixStartLevel]  *SYSTEM org.ehcache.jsr107.Eh107CacheManager - Registering Ehcache MBean javax.cache:type=CacheStatistics,CacheManager=file./app/nexus/etc/fabric/ehcache.xml,Cache=NexusAuthorizingRealm.authorizationCache
2023-01-12 02:16:52,952+0000 INFO  [FelixStartLevel]  *SYSTEM org.sonatype.nexus.extender.NexusLifecycleManager - Start SERVICES
2023-01-12 02:16:52,972+0000 INFO  [FelixStartLevel]  *SYSTEM org.sonatype.nexus.elasticsearch.internal.NodeProvider - Creating node with config: /app/nexus/etc/fabric/elasticsearch.yml
2023-01-12 02:16:53,149+0000 INFO  [FelixStartLevel]  *SYSTEM org.elasticsearch.node - [254C5E15-E69A8AA7-EC6E42BF-11EA2479-4195FBE1] version[2.4.3], pid[14983], build[d38a34e/2016-12-07T16:28:56Z]
2023-01-12 02:16:53,149+0000 INFO  [FelixStartLevel]  *SYSTEM org.elasticsearch.node - [254C5E15-E69A8AA7-EC6E42BF-11EA2479-4195FBE1] initializing ...
2023-01-12 02:16:53,155+0000 INFO  [FelixStartLevel]  *SYSTEM org.elasticsearch.plugins - [254C5E15-E69A8AA7-EC6E42BF-11EA2479-4195FBE1] modules [], plugins [content-auth-plugin], sites []
2023-01-12 02:16:53,172+0000 INFO  [FelixStartLevel]  *SYSTEM org.elasticsearch.env - [254C5E15-E69A8AA7-EC6E42BF-11EA2479-4195FBE1] using [1] data paths, mounts [[/ (/dev/xvda4)]], net usable_space [6.7gb], net total_space [9.3gb], spins? [no], types [xfs]
2023-01-12 02:16:53,173+0000 INFO  [FelixStartLevel]  *SYSTEM org.elasticsearch.env - [254C5E15-E69A8AA7-EC6E42BF-11EA2479-4195FBE1] heap size [2.5gb], compressed ordinary object pointers [true]
2023-01-12 02:16:54,399+0000 INFO  [FelixStartLevel]  *SYSTEM org.elasticsearch.node - [254C5E15-E69A8AA7-EC6E42BF-11EA2479-4195FBE1] initialized
2023-01-12 02:16:54,400+0000 INFO  [FelixStartLevel]  *SYSTEM org.elasticsearch.node - [254C5E15-E69A8AA7-EC6E42BF-11EA2479-4195FBE1] starting ...
2023-01-12 02:16:54,402+0000 INFO  [FelixStartLevel]  *SYSTEM org.elasticsearch.transport - [254C5E15-E69A8AA7-EC6E42BF-11EA2479-4195FBE1] publish_address {local[1]}, bound_addresses {local[1]}
2023-01-12 02:16:54,406+0000 INFO  [FelixStartLevel]  *SYSTEM org.elasticsearch.discovery - [254C5E15-E69A8AA7-EC6E42BF-11EA2479-4195FBE1] nexus/i6pPNiUjTwaN8iUZgfDibw
2023-01-12 02:16:54,412+0000 INFO  [elasticsearch[254C5E15-E69A8AA7-EC6E42BF-11EA2479-4195FBE1][clusterService#updateTask][T#1]]  *SYSTEM org.elasticsearch.cluster.service - [254C5E15-E69A8AA7-EC6E42BF-11EA2479-4195FBE1] new_master {254C5E15-E69A8AA7-EC6E42BF-11EA2479-4195FBE1}{i6pPNiUjTwaN8iUZgfDibw}{local}{local[1]}{local=true, master=true}, reason: local-disco-initial_connect(master)
2023-01-12 02:16:54,418+0000 INFO  [FelixStartLevel]  *SYSTEM org.elasticsearch.node - [254C5E15-E69A8AA7-EC6E42BF-11EA2479-4195FBE1] started
2023-01-12 02:16:54,457+0000 INFO  [elasticsearch[254C5E15-E69A8AA7-EC6E42BF-11EA2479-4195FBE1][clusterService#updateTask][T#1]]  *SYSTEM org.elasticsearch.gateway - [254C5E15-E69A8AA7-EC6E42BF-11EA2479-4195FBE1] recovered [0] indices into cluster_state
2023-01-12 02:16:54,528+0000 INFO  [FelixStartLevel]  *SYSTEM org.sonatype.nexus.blobstore.file.internal.FileBlobStoreMetricsStore - Blob store metrics file /app/sonatype-work/nexus3/blobs/default/254C5E15-E69A8AA7-EC6E42BF-11EA2479-4195FBE1-metrics.properties {} not found - initializing at zero.
2023-01-12 02:16:54,731+0000 INFO  [FelixStartLevel]  *SYSTEM org.ehcache.jsr107.ConfigurationMerger - Configuration of cache nugetV3ServiceIndexCache will be supplemented by template nexus-default
2023-01-12 02:16:54,740+0000 INFO  [FelixStartLevel]  *SYSTEM org.ehcache.core.EhcacheManager - Cache 'nugetV3ServiceIndexCache' created in EhcacheManager.
2023-01-12 02:16:54,742+0000 INFO  [FelixStartLevel]  *SYSTEM org.ehcache.jsr107.Eh107CacheManager - Registering Ehcache MBean javax.cache:type=CacheConfiguration,CacheManager=file./app/nexus/etc/fabric/ehcache.xml,Cache=nugetV3ServiceIndexCache
2023-01-12 02:16:54,742+0000 INFO  [FelixStartLevel]  *SYSTEM org.ehcache.jsr107.Eh107CacheManager - Registering Ehcache MBean javax.cache:type=CacheStatistics,CacheManager=file./app/nexus/etc/fabric/ehcache.xml,Cache=nugetV3ServiceIndexCache
2023-01-12 02:16:54,891+0000 INFO  [FelixStartLevel]  *SYSTEM org.sonatype.nexus.internal.orient.DatabaseManagerImpl - Configuring OrientDB pool component with per-core limit of 16
2023-01-12 02:16:54,939+0000 INFO  [FelixStartLevel]  *SYSTEM org.sonatype.nexus.internal.httpclient.HttpClientManagerImpl - Using default configuration: OrientHttpClientConfiguration{connection=null, proxy=null, authentication=null}
2023-01-12 02:16:54,961+0000 INFO  [FelixStartLevel]  *SYSTEM org.sonatype.nexus.repository.httpclient.internal.HttpClientCustomConfigFacetImpl - Remote connection status of repository nuget-group set to Ready to Connect.
2023-01-12 02:16:54,963+0000 INFO  [FelixStartLevel]  *SYSTEM org.ehcache.jsr107.ConfigurationMerger - Configuration of cache nuget-group#odata-query-cache will be supplemented by template nexus-default
2023-01-12 02:16:54,968+0000 INFO  [FelixStartLevel]  *SYSTEM org.ehcache.core.EhcacheManager - Cache 'nuget-group#odata-query-cache' created in EhcacheManager.
2023-01-12 02:16:54,969+0000 INFO  [FelixStartLevel]  *SYSTEM org.ehcache.jsr107.Eh107CacheManager - Registering Ehcache MBean javax.cache:type=CacheConfiguration,CacheManager=file./app/nexus/etc/fabric/ehcache.xml,Cache=nuget-group#odata-query-cache
2023-01-12 02:16:54,969+0000 INFO  [FelixStartLevel]  *SYSTEM org.ehcache.jsr107.Eh107CacheManager - Registering Ehcache MBean javax.cache:type=CacheStatistics,CacheManager=file./app/nexus/etc/fabric/ehcache.xml,Cache=nuget-group#odata-query-cache
2023-01-12 02:16:55,103+0000 INFO  [FelixStartLevel]  *SYSTEM org.sonatype.nexus.repository.httpclient.internal.HttpClientCustomConfigFacetImpl - Remote connection status of repository nuget.org-proxy set to Ready to Connect.
2023-01-12 02:16:55,104+0000 INFO  [FelixStartLevel]  *SYSTEM org.ehcache.jsr107.ConfigurationMerger - Configuration of cache nuget.org-proxy#negative-cache will be supplemented by template nexus-default
2023-01-12 02:16:55,107+0000 INFO  [FelixStartLevel]  *SYSTEM org.ehcache.core.EhcacheManager - Cache 'nuget.org-proxy#negative-cache' created in EhcacheManager.
2023-01-12 02:16:55,108+0000 INFO  [FelixStartLevel]  *SYSTEM org.ehcache.jsr107.Eh107CacheManager - Registering Ehcache MBean javax.cache:type=CacheConfiguration,CacheManager=file./app/nexus/etc/fabric/ehcache.xml,Cache=nuget.org-proxy#negative-cache
2023-01-12 02:16:55,108+0000 INFO  [FelixStartLevel]  *SYSTEM org.ehcache.jsr107.Eh107CacheManager - Registering Ehcache MBean javax.cache:type=CacheStatistics,CacheManager=file./app/nexus/etc/fabric/ehcache.xml,Cache=nuget.org-proxy#negative-cache
2023-01-12 02:16:55,110+0000 INFO  [FelixStartLevel]  *SYSTEM org.ehcache.jsr107.ConfigurationMerger - Configuration of cache nuget.org-proxy#odata-query-cache will be supplemented by template nexus-default
2023-01-12 02:16:55,114+0000 INFO  [FelixStartLevel]  *SYSTEM org.ehcache.core.EhcacheManager - Cache 'nuget.org-proxy#odata-query-cache' created in EhcacheManager.
2023-01-12 02:16:55,114+0000 INFO  [FelixStartLevel]  *SYSTEM org.ehcache.jsr107.Eh107CacheManager - Registering Ehcache MBean javax.cache:type=CacheConfiguration,CacheManager=file./app/nexus/etc/fabric/ehcache.xml,Cache=nuget.org-proxy#odata-query-cache
2023-01-12 02:16:55,115+0000 INFO  [FelixStartLevel]  *SYSTEM org.ehcache.jsr107.Eh107CacheManager - Registering Ehcache MBean javax.cache:type=CacheStatistics,CacheManager=file./app/nexus/etc/fabric/ehcache.xml,Cache=nuget.org-proxy#odata-query-cache
2023-01-12 02:16:55,159+0000 INFO  [FelixStartLevel]  *SYSTEM org.sonatype.nexus.repository.httpclient.internal.HttpClientCustomConfigFacetImpl - Remote connection status of repository maven-central set to Ready to Connect.
2023-01-12 02:16:55,159+0000 INFO  [FelixStartLevel]  *SYSTEM org.ehcache.jsr107.ConfigurationMerger - Configuration of cache maven-central#negative-cache will be supplemented by template nexus-default
2023-01-12 02:16:55,164+0000 INFO  [FelixStartLevel]  *SYSTEM org.ehcache.core.EhcacheManager - Cache 'maven-central#negative-cache' created in EhcacheManager.
2023-01-12 02:16:55,164+0000 INFO  [FelixStartLevel]  *SYSTEM org.ehcache.jsr107.Eh107CacheManager - Registering Ehcache MBean javax.cache:type=CacheConfiguration,CacheManager=file./app/nexus/etc/fabric/ehcache.xml,Cache=maven-central#negative-cache
2023-01-12 02:16:55,164+0000 INFO  [FelixStartLevel]  *SYSTEM org.ehcache.jsr107.Eh107CacheManager - Registering Ehcache MBean javax.cache:type=CacheStatistics,CacheManager=file./app/nexus/etc/fabric/ehcache.xml,Cache=maven-central#negative-cache
2023-01-12 02:16:55,504+0000 INFO  [elasticsearch[254C5E15-E69A8AA7-EC6E42BF-11EA2479-4195FBE1][clusterService#updateTask][T#1]]  *SYSTEM org.elasticsearch.cluster.metadata - [254C5E15-E69A8AA7-EC6E42BF-11EA2479-4195FBE1] [2e9a1e67e8a325bcd6ee9f6790ff6c769e791d56] creating index, cause [api], templates [], shards [1]/[0], mappings [component]
2023-01-12 02:16:55,672+0000 INFO  [elasticsearch[254C5E15-E69A8AA7-EC6E42BF-11EA2479-4195FBE1][clusterService#updateTask][T#1]]  *SYSTEM org.elasticsearch.cluster.metadata - [254C5E15-E69A8AA7-EC6E42BF-11EA2479-4195FBE1] [73ae44bc066b6a7a33b4435641d8229b9b66495a] creating index, cause [api], templates [], shards [1]/[0], mappings [component]
2023-01-12 02:16:55,726+0000 INFO  [elasticsearch[254C5E15-E69A8AA7-EC6E42BF-11EA2479-4195FBE1][clusterService#updateTask][T#1]]  *SYSTEM org.elasticsearch.cluster.metadata - [254C5E15-E69A8AA7-EC6E42BF-11EA2479-4195FBE1] [51196dce51055df9247e1973e443b68c84549dd9] creating index, cause [api], templates [], shards [1]/[0], mappings [component]
2023-01-12 02:16:55,804+0000 INFO  [elasticsearch[254C5E15-E69A8AA7-EC6E42BF-11EA2479-4195FBE1][clusterService#updateTask][T#1]]  *SYSTEM org.elasticsearch.cluster.metadata - [254C5E15-E69A8AA7-EC6E42BF-11EA2479-4195FBE1] [3d781e8165513bfe7db3d7eaab3991b9ebec763b] creating index, cause [api], templates [], shards [1]/[0], mappings [component]
2023-01-12 02:16:55,829+0000 INFO  [elasticsearch[254C5E15-E69A8AA7-EC6E42BF-11EA2479-4195FBE1][clusterService#updateTask][T#1]]  *SYSTEM org.elasticsearch.cluster.routing.allocation - [254C5E15-E69A8AA7-EC6E42BF-11EA2479-4195FBE1] Cluster health status changed from [RED] to [GREEN] (reason: [shards started [[3d781e8165513bfe7db3d7eaab3991b9ebec763b][0]] ...]).
2023-01-12 02:16:55,849+0000 INFO  [elasticsearch[254C5E15-E69A8AA7-EC6E42BF-11EA2479-4195FBE1][clusterService#updateTask][T#1]]  *SYSTEM org.elasticsearch.cluster.metadata - [254C5E15-E69A8AA7-EC6E42BF-11EA2479-4195FBE1] [b2b9b8f06274052a44b61ef3c7e887f0961d99c6] creating index, cause [api], templates [], shards [1]/[0], mappings [component]
2023-01-12 02:16:55,883+0000 INFO  [elasticsearch[254C5E15-E69A8AA7-EC6E42BF-11EA2479-4195FBE1][clusterService#updateTask][T#1]]  *SYSTEM org.elasticsearch.cluster.routing.allocation - [254C5E15-E69A8AA7-EC6E42BF-11EA2479-4195FBE1] Cluster health status changed from [RED] to [GREEN] (reason: [shards started [[b2b9b8f06274052a44b61ef3c7e887f0961d99c6][0]] ...]).
2023-01-12 02:16:55,888+0000 INFO  [FelixStartLevel]  *SYSTEM org.sonatype.nexus.quartz.internal.QuartzSchedulerProvider - Thread-pool size: 20, Thread-pool priority: 5
2023-01-12 02:16:55,911+0000 INFO  [FelixStartLevel]  *SYSTEM org.sonatype.nexus.quartz.internal.orient.JobStoreImpl - Instance name: nexus; ID: 254C5E15-E69A8AA7-EC6E42BF-11EA2479-4195FBE1
2023-01-12 02:16:55,911+0000 INFO  [FelixStartLevel]  *SYSTEM org.sonatype.nexus.quartz.internal.orient.JobStoreImpl - Initialized
2023-01-12 02:16:55,919+0000 INFO  [FelixStartLevel]  *SYSTEM org.sonatype.nexus.quartz.internal.QuartzSchedulerProvider - Quartz Scheduler v2.3.0
2023-01-12 02:16:55,962+0000 INFO  [FelixStartLevel]  *SYSTEM org.sonatype.nexus.extender.NexusLifecycleManager - Start CAPABILITIES
2023-01-12 02:16:56,194+0000 INFO  [jetty-main-1]  *SYSTEM org.sonatype.nexus.bootstrap.osgi.BootstrapListener - Initialized
2023-01-12 02:16:56,232+0000 INFO  [jetty-main-1]  *SYSTEM org.sonatype.nexus.rapture.internal.RaptureWebResourceBundle - UI plugin descriptors:
2023-01-12 02:16:56,236+0000 INFO  [jetty-main-1]  *SYSTEM org.sonatype.nexus.rapture.internal.RaptureWebResourceBundle -   nexus-security-plugin
2023-01-12 02:16:56,236+0000 INFO  [jetty-main-1]  *SYSTEM org.sonatype.nexus.rapture.internal.RaptureWebResourceBundle -   nexus-proui-plugin
2023-01-12 02:16:56,238+0000 INFO  [jetty-main-1]  *SYSTEM org.sonatype.nexus.rapture.internal.RaptureWebResourceBundle - ExtJS UI plugin descriptors:
2023-01-12 02:16:56,238+0000 INFO  [jetty-main-1]  *SYSTEM org.sonatype.nexus.rapture.internal.RaptureWebResourceBundle -   nexus-rapture
2023-01-12 02:16:56,239+0000 INFO  [jetty-main-1]  *SYSTEM org.sonatype.nexus.rapture.internal.RaptureWebResourceBundle -   nexus-blobstore-s3
2023-01-12 02:16:56,239+0000 INFO  [jetty-main-1]  *SYSTEM org.sonatype.nexus.rapture.internal.RaptureWebResourceBundle -   nexus-proximanova-plugin
2023-01-12 02:16:56,240+0000 INFO  [jetty-main-1]  *SYSTEM org.sonatype.nexus.rapture.internal.RaptureWebResourceBundle -   nexus-rutauth-plugin
2023-01-12 02:16:56,240+0000 INFO  [jetty-main-1]  *SYSTEM org.sonatype.nexus.rapture.internal.RaptureWebResourceBundle -   nexus-coreui-plugin
2023-01-12 02:16:56,240+0000 INFO  [jetty-main-1]  *SYSTEM org.sonatype.nexus.rapture.internal.RaptureWebResourceBundle -   nexus-proui-plugin
2023-01-12 02:16:56,241+0000 INFO  [jetty-main-1]  *SYSTEM org.sonatype.nexus.rapture.internal.RaptureWebResourceBundle -   nexus-repository-conan
2023-01-12 02:16:56,241+0000 INFO  [jetty-main-1]  *SYSTEM org.sonatype.nexus.rapture.internal.RaptureWebResourceBundle -   nexus-repository-helm
2023-01-12 02:16:56,241+0000 INFO  [jetty-main-1]  *SYSTEM org.sonatype.nexus.rapture.internal.RaptureWebResourceBundle -   nexus-repository-p2
2023-01-12 02:16:56,241+0000 INFO  [jetty-main-1]  *SYSTEM org.sonatype.nexus.rapture.internal.RaptureWebResourceBundle -   nexus-repository-r
2023-01-12 02:16:56,242+0000 INFO  [jetty-main-1]  *SYSTEM org.sonatype.nexus.rapture.internal.RaptureWebResourceBundle -   nexus-repository-maven
2023-01-12 02:16:56,242+0000 INFO  [jetty-main-1]  *SYSTEM org.sonatype.nexus.rapture.internal.RaptureWebResourceBundle -   nexus-onboarding-plugin
2023-01-12 02:16:56,242+0000 INFO  [jetty-main-1]  *SYSTEM org.sonatype.nexus.rapture.internal.RaptureWebResourceBundle -   nexus-repository-nuget
2023-01-12 02:16:56,243+0000 INFO  [jetty-main-1]  *SYSTEM org.sonatype.nexus.rapture.internal.RaptureWebResourceBundle -   nexus-repository-npm
2023-01-12 02:16:56,243+0000 INFO  [jetty-main-1]  *SYSTEM org.sonatype.nexus.rapture.internal.RaptureWebResourceBundle -   nexus-repository-rubygems
2023-01-12 02:16:56,243+0000 INFO  [jetty-main-1]  *SYSTEM org.sonatype.nexus.rapture.internal.RaptureWebResourceBundle -   nexus-repository-pypi
2023-01-12 02:16:56,243+0000 INFO  [jetty-main-1]  *SYSTEM org.sonatype.nexus.rapture.internal.RaptureWebResourceBundle -   nexus-repository-docker
2023-01-12 02:16:56,249+0000 INFO  [jetty-main-1]  *SYSTEM org.sonatype.nexus.internal.webresources.WebResourceServlet - Max-age: 30 days (2592000 seconds)
2023-01-12 02:16:56,256+0000 INFO  [jetty-main-1]  *SYSTEM com.softwarementors.extjs.djn.servlet.DirectJNgineServlet - Servlet GLOBAL configuration: debug=false, providersUrl=service/extdirect, minify=false, batchRequestsMultithreadingEnabled=true, batchRequestsMinThreadsPoolSize=16, batchRequestsMaxThreadsPoolSize=80, batchRequestsMaxThreadsPerRequest=8, batchRequestsMaxThreadKeepAliveSeconds=60, gsonBuilderConfiguratorClass=org.sonatype.nexus.extdirect.internal.ExtDirectGsonBuilderConfigurator, dispatcherClass=com.softwarementors.extjs.djn.servlet.ssm.SsmDispatcher, jsonRequestProcessorThreadClass=org.sonatype.nexus.extdirect.internal.ExtDirectJsonRequestProcessorThread, contextPath=--not specified: calculated via Javascript--, createSourceFiles=true
2023-01-12 02:16:56,257+0000 INFO  [jetty-main-1]  *SYSTEM com.softwarementors.extjs.djn.servlet.DirectJNgineServlet - Servlet GLOBAL configuration: registryConfiguratorClass=
2023-01-12 02:16:56,277+0000 INFO  [jetty-main-1]  *SYSTEM com.softwarementors.extjs.djn.jscodegen.CodeFileGenerator - Creating source files for APIs...
2023-01-12 02:16:56,395+0000 INFO  [jetty-main-1]  *SYSTEM org.sonatype.nexus.siesta.SiestaServlet - JAX-RS RuntimeDelegate: org.sonatype.nexus.siesta.internal.resteasy.SisuResteasyProviderFactory@6c6544a0
2023-01-12 02:16:56,421+0000 INFO  [jetty-main-1]  *SYSTEM org.jboss.resteasy.plugins.validation.i18n - RESTEASY008550: Unable to find CDI supporting ValidatorFactory. Using default ValidatorFactory
2023-01-12 02:16:57,223+0000 INFO  [jetty-main-1]  *SYSTEM org.sonatype.nexus.siesta.SiestaServlet - Initialized
2023-01-12 02:16:57,227+0000 INFO  [jetty-main-1]  *SYSTEM org.sonatype.nexus.repository.httpbridge.internal.ViewServlet - Initialized
2023-01-12 02:16:57,237+0000 INFO  [FelixStartLevel]  *SYSTEM org.sonatype.nexus.extender.NexusLifecycleManager - Start TASKS
2023-01-12 02:16:57,272+0000 INFO  [jetty-main-1]  *SYSTEM org.eclipse.jetty.server.handler.ContextHandler - Started o.e.j.w.WebAppContext@7df00110{Sonatype Nexus,/,file:///app/nexus/public/,AVAILABLE}
2023-01-12 02:16:57,346+0000 INFO  [jetty-main-1]  *SYSTEM org.eclipse.jetty.server.AbstractConnector - Started ServerConnector@6039dd19{HTTP/1.1,[http/1.1]}{0.0.0.0:8081}
2023-01-12 02:16:57,347+0000 INFO  [jetty-main-1]  *SYSTEM org.eclipse.jetty.server.Server - Started @34172ms
2023-01-12 02:16:57,347+0000 INFO  [jetty-main-1]  *SYSTEM org.sonatype.nexus.bootstrap.jetty.JettyServer - 
-------------------------------------------------

Started Sonatype Nexus OSS 3.23.0-03

-------------------------------------------------
2023-01-12 02:16:57,368+0000 INFO  [FelixStartLevel]  *SYSTEM org.sonatype.nexus.quartz.internal.task.QuartzTaskInfo - Task 'Task log cleanup' [tasklog.cleanup] : state=WAITING
2023-01-12 02:16:57,411+0000 INFO  [FelixStartLevel]  *SYSTEM org.sonatype.nexus.scheduling.TaskSchedulerImpl - Task 'Task log cleanup' [tasklog.cleanup] scheduled: cron
2023-01-12 02:16:57,423+0000 INFO  [FelixStartLevel]  *SYSTEM org.sonatype.nexus.quartz.internal.task.QuartzTaskInfo - Task 'Cleanup service' [repository.cleanup] : state=WAITING
2023-01-12 02:16:57,431+0000 INFO  [FelixStartLevel]  *SYSTEM org.sonatype.nexus.scheduling.TaskSchedulerImpl - Task 'Cleanup service' [repository.cleanup] scheduled: cron
2023-01-12 02:16:57,471+0000 INFO  [FelixStartLevel]  *SYSTEM org.sonatype.nexus.quartz.internal.task.QuartzTaskInfo - Task 'Storage facet cleanup' [repository.storage-facet-cleanup] : state=WAITING
2023-01-12 02:16:57,475+0000 INFO  [FelixStartLevel]  *SYSTEM org.sonatype.nexus.scheduling.TaskSchedulerImpl - Task 'Storage facet cleanup' [repository.storage-facet-cleanup] scheduled: cron
2023-01-12 02:16:57,498+0000 INFO  [FelixStartLevel]  *SYSTEM org.sonatype.nexus.quartz.internal.QuartzSchedulerSPI - Scheduler put into ready mode
2023-01-12 02:19:48,803+0000 INFO  [qtp1347685703-45]  *UNKNOWN org.apache.shiro.session.mgt.AbstractValidatingSessionManager - Enabling session validation scheduler...
2023-01-12 02:19:48,813+0000 INFO  [qtp1347685703-45]  *UNKNOWN org.sonatype.nexus.internal.security.anonymous.AnonymousManagerImpl - Using default configuration: OrientAnonymousConfiguration{enabled=true, userId='anonymous', realmName='NexusAuthorizingRealm'}
2023-01-12 02:20:00,025+0000 INFO  [quartz-6-thread-1]  *SYSTEM org.sonatype.nexus.quartz.internal.task.QuartzTaskInfo - Task 'Storage facet cleanup' [repository.storage-facet-cleanup] state change WAITING -> RUNNING
2023-01-12 02:20:00,063+0000 INFO  [quartz-6-thread-1]  *SYSTEM org.sonatype.nexus.quartz.internal.task.QuartzTaskInfo - Task 'Storage facet cleanup' [repository.storage-facet-cleanup] state change RUNNING -> WAITING (OK)
2023-01-12 02:21:05,412+0000 INFO  [qtp1347685703-48]  *UNKNOWN org.ehcache.jsr107.ConfigurationMerger - Configuration of cache shiro-activeSessionCache will be supplemented by template nexus-default
2023-01-12 02:21:05,415+0000 INFO  [qtp1347685703-48]  *UNKNOWN org.ehcache.core.EhcacheManager - Cache 'shiro-activeSessionCache' created in EhcacheManager.
2023-01-12 02:21:05,416+0000 INFO  [qtp1347685703-48]  *UNKNOWN org.ehcache.jsr107.Eh107CacheManager - Registering Ehcache MBean javax.cache:type=CacheConfiguration,CacheManager=file./app/nexus/etc/fabric/ehcache.xml,Cache=shiro-activeSessionCache
2023-01-12 02:21:05,416+0000 INFO  [qtp1347685703-48]  *UNKNOWN org.ehcache.jsr107.Eh107CacheManager - Registering Ehcache MBean javax.cache:type=CacheStatistics,CacheManager=file./app/nexus/etc/fabric/ehcache.xml,Cache=shiro-activeSessionCache
2023-01-12 02:21:05,422+0000 INFO  [qtp1347685703-48]  admin org.sonatype.nexus.rapture.internal.security.SessionServlet - Created session for user: admin
2023-01-12 02:21:40,961+0000 INFO  [blobstore-metrics-5-thread-1]  *SYSTEM org.sonatype.nexus.rapture.internal.HealthCheckCacheManager - Health check status changed from true to false for Default Admin Credentials
2023-01-12 02:21:49,805+0000 INFO  [qtp1347685703-46]  admin org.sonatype.nexus.internal.security.anonymous.AnonymousManagerImpl - Saving configuration: OrientAnonymousConfiguration{enabled=false, userId='anonymous', realmName='NexusAuthorizingRealm'}
2023-01-12 02:21:57,312+0000 INFO  [qtp1347685703-46]  admin org.sonatype.nexus.rapture.internal.security.SessionServlet - Deleting session for user: admin
2023-01-12 02:22:09,467+0000 INFO  [qtp1347685703-47]  admin org.sonatype.nexus.rapture.internal.security.SessionServlet - Created session for user: admin
2023-01-12 02:30:00,013+0000 INFO  [quartz-6-thread-2]  *SYSTEM org.sonatype.nexus.quartz.internal.task.QuartzTaskInfo - Task 'Storage facet cleanup' [repository.storage-facet-cleanup] state change WAITING -> RUNNING
2023-01-12 02:30:00,027+0000 INFO  [quartz-6-thread-2]  *SYSTEM org.sonatype.nexus.quartz.internal.task.QuartzTaskInfo - Task 'Storage facet cleanup' [repository.storage-facet-cleanup] state change RUNNING -> WAITING (OK)
2023-01-12 02:34:26,415+0000 INFO  [qtp1347685703-42]  admin org.sonatype.nexus.repository.upload.internal.UploadManagerImpl - Uploading component with parameters: repository="maven-releases" format="maven2" groupId="org.Training" artifactId="devops" version="1.0" 
2023-01-12 02:34:26,415+0000 INFO  [qtp1347685703-42]  admin org.sonatype.nexus.repository.upload.internal.UploadManagerImpl - Asset with parameters: file="sample.uas.simplewabfragment-1.0.0-sources.jar.zip" extension="jar.zip" classifier="sources" 
2023-01-12 02:34:26,733+0000 INFO  [elasticsearch[254C5E15-E69A8AA7-EC6E42BF-11EA2479-4195FBE1][clusterService#updateTask][T#1]]  *SYSTEM org.elasticsearch.cluster.metadata - [254C5E15-E69A8AA7-EC6E42BF-11EA2479-4195FBE1] [3d781e8165513bfe7db3d7eaab3991b9ebec763b] update_mapping [component]
2023-01-12 02:37:09,377+0000 INFO  [qtp1347685703-48]  admin org.sonatype.nexus.repository.upload.internal.UploadManagerImpl - Uploading component with parameters: repository="maven-releases" format="maven2" groupId="org.Training" artifactId="devops" version="1.0" 
2023-01-12 02:37:09,378+0000 INFO  [qtp1347685703-48]  admin org.sonatype.nexus.repository.upload.internal.UploadManagerImpl - Asset with parameters: file="sample.uas.simplewabfragment-1.0.0-sources.jar.zip" extension="jar.zip" classifier="sources" 
2023-01-12 02:37:09,395+0000 ERROR [qtp1347685703-48]  admin org.sonatype.nexus.coreui.UploadResource - Unable to perform upload to repository maven-releases
org.sonatype.nexus.repository.IllegalOperationException: Repository does not allow updating assets: maven-releases
	at org.sonatype.nexus.repository.storage.StorageTxImpl.isDuplicateBlob(StorageTxImpl.java:831)
	at org.sonatype.nexus.repository.storage.StorageTxImpl.attachBlob(StorageTxImpl.java:748)
	at sun.reflect.NativeMethodAccessorImpl.invoke0(Native Method)
	at sun.reflect.NativeMethodAccessorImpl.invoke(NativeMethodAccessorImpl.java:62)
	at sun.reflect.DelegatingMethodAccessorImpl.invoke(DelegatingMethodAccessorImpl.java:43)
	at java.lang.reflect.Method.invoke(Method.java:498)
	at org.sonatype.nexus.common.stateguard.SimpleMethodInvocation.proceed(SimpleMethodInvocation.java:53)
	at org.sonatype.nexus.common.stateguard.MethodInvocationAction.run(MethodInvocationAction.java:39)
	at org.sonatype.nexus.common.stateguard.StateGuard$GuardImpl.run(StateGuard.java:272)
	at org.sonatype.nexus.common.stateguard.GuardedInterceptor.invoke(GuardedInterceptor.java:53)
	at org.sonatype.nexus.common.stateguard.StateGuardAspect$1.invoke(StateGuardAspect.java:63)
	at com.sun.proxy.$Proxy239.attachBlob(Unknown Source)
	at org.sonatype.nexus.repository.maven.internal.orient.MavenFacetImpl.putAssetPayload(MavenFacetImpl.java:552)
	at org.sonatype.nexus.repository.maven.internal.orient.MavenFacetImpl.putArtifact(MavenFacetImpl.java:468)
	at org.sonatype.nexus.repository.maven.internal.orient.MavenFacetImpl.doPutAssetBlob(MavenFacetImpl.java:408)
	at org.sonatype.nexus.repository.maven.internal.orient.MavenFacetImpl.doPut(MavenFacetImpl.java:361)
	at org.sonatype.nexus.transaction.TransactionalWrapper.proceedWithTransaction(TransactionalWrapper.java:57)
	at org.sonatype.nexus.transaction.TransactionInterceptor.proceedWithTransaction(TransactionInterceptor.java:66)
	at org.sonatype.nexus.transaction.TransactionInterceptor.invoke(TransactionInterceptor.java:55)
	at org.sonatype.nexus.repository.maven.internal.orient.MavenFacetImpl.put(MavenFacetImpl.java:313)
	at org.sonatype.nexus.repository.maven.internal.orient.MavenUploadHandler.storeAssetContent(MavenUploadHandler.java:292)
	at org.sonatype.nexus.repository.maven.internal.orient.MavenUploadHandler.createAssets(MavenUploadHandler.java:270)
	at org.sonatype.nexus.repository.maven.internal.orient.MavenUploadHandler.doUpload(MavenUploadHandler.java:181)
	at org.sonatype.nexus.repository.maven.internal.orient.MavenUploadHandler.handle(MavenUploadHandler.java:149)
	at org.sonatype.nexus.repository.upload.internal.UploadManagerImpl.handle(UploadManagerImpl.java:106)
	at org.sonatype.nexus.coreui.internal.UploadService.upload(UploadService.java:78)
	at org.sonatype.nexus.coreui.UploadResource.postComponent(UploadResource.java:86)
	at com.palominolabs.metrics.guice.ExceptionMeteredInterceptor.invoke(ExceptionMeteredInterceptor.java:23)
	at com.palominolabs.metrics.guice.TimedInterceptor.invoke(TimedInterceptor.java:26)
	at org.sonatype.nexus.validation.internal.ValidationInterceptor.invoke(ValidationInterceptor.java:53)
	at org.apache.shiro.guice.aop.AopAllianceMethodInvocationAdapter.proceed(AopAllianceMethodInvocationAdapter.java:49)
	at org.apache.shiro.authz.aop.AuthorizingAnnotationMethodInterceptor.invoke(AuthorizingAnnotationMethodInterceptor.java:68)
	at org.apache.shiro.guice.aop.AopAllianceMethodInterceptorAdapter.invoke(AopAllianceMethodInterceptorAdapter.java:36)
	at sun.reflect.NativeMethodAccessorImpl.invoke0(Native Method)
	at sun.reflect.NativeMethodAccessorImpl.invoke(NativeMethodAccessorImpl.java:62)
	at sun.reflect.DelegatingMethodAccessorImpl.invoke(DelegatingMethodAccessorImpl.java:43)
	at java.lang.reflect.Method.invoke(Method.java:498)
	at org.jboss.resteasy.core.MethodInjectorImpl.invoke(MethodInjectorImpl.java:140)
	at org.jboss.resteasy.core.ResourceMethodInvoker.invokeOnTarget(ResourceMethodInvoker.java:294)
	at org.jboss.resteasy.core.ResourceMethodInvoker.invoke(ResourceMethodInvoker.java:248)
	at org.jboss.resteasy.core.ResourceMethodInvoker.invoke(ResourceMethodInvoker.java:235)
	at org.jboss.resteasy.core.SynchronousDispatcher.invoke(SynchronousDispatcher.java:402)
	at org.jboss.resteasy.core.SynchronousDispatcher.invoke(SynchronousDispatcher.java:209)
	at org.jboss.resteasy.plugins.server.servlet.ServletContainerDispatcher.service(ServletContainerDispatcher.java:227)
	at org.jboss.resteasy.plugins.server.servlet.HttpServletDispatcher.service(HttpServletDispatcher.java:56)
	at org.jboss.resteasy.plugins.server.servlet.HttpServletDispatcher.service(HttpServletDispatcher.java:51)
	at org.sonatype.nexus.siesta.internal.resteasy.ComponentContainerImpl.service(ComponentContainerImpl.java:109)
	at org.sonatype.nexus.siesta.SiestaServlet.service(SiestaServlet.java:137)
	at javax.servlet.http.HttpServlet.service(HttpServlet.java:790)
	at com.google.inject.servlet.ServletDefinition.doServiceImpl(ServletDefinition.java:286)
	at com.google.inject.servlet.ServletDefinition.doService(ServletDefinition.java:276)
	at com.google.inject.servlet.ServletDefinition.service(ServletDefinition.java:181)
	at com.google.inject.servlet.DynamicServletPipeline.service(DynamicServletPipeline.java:71)
	at com.google.inject.servlet.FilterChainInvocation.doFilter(FilterChainInvocation.java:85)
	at org.apache.shiro.web.servlet.OncePerRequestFilter.doFilter(OncePerRequestFilter.java:112)
	at com.google.inject.servlet.FilterChainInvocation.doFilter(FilterChainInvocation.java:82)
	at org.apache.shiro.web.servlet.ProxiedFilterChain.doFilter(ProxiedFilterChain.java:61)
	at org.apache.shiro.web.servlet.AdviceFilter.executeChain(AdviceFilter.java:108)
	at org.apache.shiro.web.servlet.AdviceFilter.doFilterInternal(AdviceFilter.java:137)
	at org.apache.shiro.web.servlet.OncePerRequestFilter.doFilter(OncePerRequestFilter.java:125)
	at org.apache.shiro.web.servlet.ProxiedFilterChain.doFilter(ProxiedFilterChain.java:66)
	at org.apache.shiro.web.servlet.AdviceFilter.executeChain(AdviceFilter.java:108)
	at org.apache.shiro.web.servlet.AdviceFilter.doFilterInternal(AdviceFilter.java:137)
	at org.apache.shiro.web.servlet.OncePerRequestFilter.doFilter(OncePerRequestFilter.java:125)
	at org.apache.shiro.web.servlet.ProxiedFilterChain.doFilter(ProxiedFilterChain.java:66)
	at org.apache.shiro.web.servlet.AdviceFilter.executeChain(AdviceFilter.java:108)
	at org.apache.shiro.web.servlet.AdviceFilter.doFilterInternal(AdviceFilter.java:137)
	at org.apache.shiro.web.servlet.OncePerRequestFilter.doFilter(OncePerRequestFilter.java:125)
	at org.apache.shiro.web.servlet.ProxiedFilterChain.doFilter(ProxiedFilterChain.java:66)
	at org.apache.shiro.web.servlet.AbstractShiroFilter.executeChain(AbstractShiroFilter.java:449)
	at org.sonatype.nexus.security.SecurityFilter.executeChain(SecurityFilter.java:85)
	at org.apache.shiro.web.servlet.AbstractShiroFilter$1.call(AbstractShiroFilter.java:365)
	at org.apache.shiro.subject.support.SubjectCallable.doCall(SubjectCallable.java:90)
	at org.apache.shiro.subject.support.SubjectCallable.call(SubjectCallable.java:83)
	at org.apache.shiro.subject.support.DelegatingSubject.execute(DelegatingSubject.java:387)
	at org.apache.shiro.web.servlet.AbstractShiroFilter.doFilterInternal(AbstractShiroFilter.java:362)
	at org.sonatype.nexus.security.SecurityFilter.doFilterInternal(SecurityFilter.java:101)
	at org.apache.shiro.web.servlet.OncePerRequestFilter.doFilter(OncePerRequestFilter.java:125)
	at com.google.inject.servlet.FilterChainInvocation.doFilter(FilterChainInvocation.java:82)
	at com.sonatype.nexus.licensing.internal.LicensingRedirectFilter.doFilter(LicensingRedirectFilter.java:114)
	at com.google.inject.servlet.FilterChainInvocation.doFilter(FilterChainInvocation.java:82)
	at com.codahale.metrics.servlet.AbstractInstrumentedFilter.doFilter(AbstractInstrumentedFilter.java:112)
	at com.google.inject.servlet.FilterChainInvocation.doFilter(FilterChainInvocation.java:82)
	at org.sonatype.nexus.internal.web.ErrorPageFilter.doFilter(ErrorPageFilter.java:79)
	at com.google.inject.servlet.FilterChainInvocation.doFilter(FilterChainInvocation.java:82)
	at org.sonatype.nexus.internal.web.EnvironmentFilter.doFilter(EnvironmentFilter.java:101)
	at com.google.inject.servlet.FilterChainInvocation.doFilter(FilterChainInvocation.java:82)
	at org.sonatype.nexus.internal.web.HeaderPatternFilter.doFilter(HeaderPatternFilter.java:98)
	at com.google.inject.servlet.FilterChainInvocation.doFilter(FilterChainInvocation.java:82)
	at com.google.inject.servlet.DynamicFilterPipeline.dispatch(DynamicFilterPipeline.java:104)
	at com.google.inject.servlet.GuiceFilter.doFilter(GuiceFilter.java:135)
	at org.sonatype.nexus.bootstrap.osgi.DelegatingFilter.doFilter(DelegatingFilter.java:73)
	at org.eclipse.jetty.servlet.ServletHandler$CachedChain.doFilter(ServletHandler.java:1602)
	at org.eclipse.jetty.servlet.ServletHandler.doHandle(ServletHandler.java:540)
	at org.eclipse.jetty.server.handler.ScopedHandler.handle(ScopedHandler.java:146)
	at org.eclipse.jetty.security.SecurityHandler.handle(SecurityHandler.java:548)
	at org.eclipse.jetty.server.handler.HandlerWrapper.handle(HandlerWrapper.java:132)
	at org.eclipse.jetty.server.handler.ScopedHandler.nextHandle(ScopedHandler.java:257)
	at org.eclipse.jetty.server.session.SessionHandler.doHandle(SessionHandler.java:1700)
	at org.eclipse.jetty.server.handler.ScopedHandler.nextHandle(ScopedHandler.java:255)
	at org.eclipse.jetty.server.handler.ContextHandler.doHandle(ContextHandler.java:1345)
	at org.eclipse.jetty.server.handler.ScopedHandler.nextScope(ScopedHandler.java:203)
	at org.eclipse.jetty.servlet.ServletHandler.doScope(ServletHandler.java:480)
	at org.eclipse.jetty.server.session.SessionHandler.doScope(SessionHandler.java:1667)
	at org.eclipse.jetty.server.handler.ScopedHandler.nextScope(ScopedHandler.java:201)
	at org.eclipse.jetty.server.handler.ContextHandler.doScope(ContextHandler.java:1247)
	at org.eclipse.jetty.server.handler.ScopedHandler.handle(ScopedHandler.java:144)
	at org.eclipse.jetty.server.handler.HandlerWrapper.handle(HandlerWrapper.java:132)
	at com.codahale.metrics.jetty9.InstrumentedHandler.handle(InstrumentedHandler.java:239)
	at org.eclipse.jetty.server.handler.HandlerCollection.handle(HandlerCollection.java:152)
	at org.eclipse.jetty.server.handler.HandlerWrapper.handle(HandlerWrapper.java:132)
	at org.eclipse.jetty.server.Server.handle(Server.java:505)
	at org.eclipse.jetty.server.HttpChannel.handle(HttpChannel.java:370)
	at org.eclipse.jetty.server.HttpConnection.onFillable(HttpConnection.java:267)
	at org.eclipse.jetty.io.AbstractConnection$ReadCallback.succeeded(AbstractConnection.java:305)
	at org.eclipse.jetty.io.FillInterest.fillable(FillInterest.java:103)
	at org.eclipse.jetty.io.ChannelEndPoint$2.run(ChannelEndPoint.java:117)
	at org.eclipse.jetty.util.thread.strategy.EatWhatYouKill.runTask(EatWhatYouKill.java:333)
	at org.eclipse.jetty.util.thread.strategy.EatWhatYouKill.doProduce(EatWhatYouKill.java:310)
	at org.eclipse.jetty.util.thread.strategy.EatWhatYouKill.tryProduce(EatWhatYouKill.java:168)
	at org.eclipse.jetty.util.thread.strategy.EatWhatYouKill.run(EatWhatYouKill.java:126)
	at org.eclipse.jetty.util.thread.ReservedThreadExecutor$ReservedThread.run(ReservedThreadExecutor.java:366)
	at org.eclipse.jetty.util.thread.QueuedThreadPool.runJob(QueuedThreadPool.java:698)
	at org.eclipse.jetty.util.thread.QueuedThreadPool$Runner.run(QueuedThreadPool.java:804)
	at java.lang.Thread.run(Thread.java:750)
2023-01-12 02:37:26,406+0000 INFO  [qtp1347685703-42]  admin org.sonatype.nexus.repository.upload.internal.UploadManagerImpl - Uploading component with parameters: repository="maven-releases" format="maven2" groupId="org.Training" artifactId="devops" version="2.0" 
2023-01-12 02:37:26,406+0000 INFO  [qtp1347685703-42]  admin org.sonatype.nexus.repository.upload.internal.UploadManagerImpl - Asset with parameters: file="sample.uas.simplewabfragment-1.0.0-sources.jar.zip" extension="jar.zip" classifier="sources" 
2023-01-12 02:40:00,018+0000 INFO  [quartz-6-thread-3]  *SYSTEM org.sonatype.nexus.quartz.internal.task.QuartzTaskInfo - Task 'Storage facet cleanup' [repository.storage-facet-cleanup] state change WAITING -> RUNNING
2023-01-12 02:40:00,027+0000 INFO  [quartz-6-thread-3]  *SYSTEM org.sonatype.nexus.quartz.internal.task.QuartzTaskInfo - Task 'Storage facet cleanup' [repository.storage-facet-cleanup] state change RUNNING -> WAITING (OK)
2023-01-12 02:48:12,038+0000 INFO  [qtp1347685703-46]  admin org.sonatype.nexus.repository.manager.internal.RepositoryManagerImpl - Creating repository: devops -> OrientConfiguration{repositoryName='devops', recipeName='maven2-hosted', attributes={maven={versionPolicy=RELEASE, layoutPolicy=STRICT}, storage={blobStoreName=default, strictContentTypeValidation=true, writePolicy=ALLOW}}}
2023-01-12 02:48:12,090+0000 INFO  [elasticsearch[254C5E15-E69A8AA7-EC6E42BF-11EA2479-4195FBE1][clusterService#updateTask][T#1]]  *SYSTEM org.elasticsearch.cluster.metadata - [254C5E15-E69A8AA7-EC6E42BF-11EA2479-4195FBE1] [66b50ec3431099ded4a779a0e082a1577b1b60a8] creating index, cause [api], templates [], shards [1]/[0], mappings [component]
2023-01-12 02:48:12,133+0000 INFO  [elasticsearch[254C5E15-E69A8AA7-EC6E42BF-11EA2479-4195FBE1][clusterService#updateTask][T#1]]  *SYSTEM org.elasticsearch.cluster.routing.allocation - [254C5E15-E69A8AA7-EC6E42BF-11EA2479-4195FBE1] Cluster health status changed from [RED] to [GREEN] (reason: [shards started [[66b50ec3431099ded4a779a0e082a1577b1b60a8][0]] ...]).
2023-01-12 02:50:00,012+0000 INFO  [quartz-6-thread-4]  *SYSTEM org.sonatype.nexus.quartz.internal.task.QuartzTaskInfo - Task 'Storage facet cleanup' [repository.storage-facet-cleanup] state change WAITING -> RUNNING
2023-01-12 02:50:00,016+0000 INFO  [quartz-6-thread-4]  *SYSTEM org.sonatype.nexus.quartz.internal.task.QuartzTaskInfo - Task 'Storage facet cleanup' [repository.storage-facet-cleanup] state change RUNNING -> WAITING (OK)
